<?xml version="1.0" encoding="UTF-8"?><testsuites failures="152" name="dependency-check" tests="27"><testsuite failures="8" id="0" name="/src/spring-boot-cassandra-0.0.1-SNAPSHOT.jar" package="spring-boot-cassandra-0.0.1-SNAPSHOT.jar" skipped="0" tests="8" timestamp="2021-09-07T09:07:11.09062"><testcase classname="CVE-2016-9878" name="pkg:maven/com.devops/spring-boot-cassandra@0.0.1-SNAPSHOT"><failure message="cvssV3: HIGH, score: 7.5 (CVSS:3.0/AV:N/AC:L/PR:N/UI:N/S:U/C:H/I:N/A:N)"/><system-out>An issue was discovered in Pivotal Spring Framework before 3.2.18, 4.2.x before 4.2.9, and 4.3.x before 4.3.5. Paths provided to the ResourceServlet were not properly sanitized and as a result exposed to directory traversal attacks.</system-out><system-err>location: /src/spring-boot-cassandra-0.0.1-SNAPSHOT.jar</system-err></testcase><testcase classname="CVE-2017-8046" name="pkg:maven/com.devops/spring-boot-cassandra@0.0.1-SNAPSHOT"><failure message="cvssV3: CRITICAL, score: 9.8 (CVSS:3.0/AV:N/AC:L/PR:N/UI:N/S:U/C:H/I:H/A:H)"/><system-out>Malicious PATCH requests submitted to servers using Spring Data REST versions prior to 2.6.9 (Ingalls SR9), versions prior to 3.0.1 (Kay SR1) and Spring Boot versions prior to 1.5.9, 2.0 M6 can use specially crafted JSON data to run arbitrary Java code.</system-out><system-err>location: /src/spring-boot-cassandra-0.0.1-SNAPSHOT.jar</system-err></testcase><testcase classname="CVE-2018-1196" name="pkg:maven/com.devops/spring-boot-cassandra@0.0.1-SNAPSHOT"><failure message="cvssV3: MEDIUM, score: 5.9 (CVSS:3.0/AV:N/AC:H/PR:N/UI:N/S:U/C:N/I:H/A:N)"/><system-out>Spring Boot supports an embedded launch script that can be used to easily run the application as a systemd or init.d linux service. The script included with Spring Boot 1.5.9 and earlier and 2.0.0.M1 through 2.0.0.M7 is susceptible to a symlink attack which allows the &quot;run_user&quot; to overwrite and take ownership of any file on the same system. In order to instigate the attack, the application must be installed as a service and the &quot;run_user&quot; requires shell access to the server. Spring Boot application that are not installed as a service, or are not using the embedded launch script are not susceptible.</system-out><system-err>location: /src/spring-boot-cassandra-0.0.1-SNAPSHOT.jar</system-err></testcase><testcase classname="CVE-2018-1270" name="pkg:maven/com.devops/spring-boot-cassandra@0.0.1-SNAPSHOT"><failure message="cvssV3: CRITICAL, score: 9.8 (CVSS:3.0/AV:N/AC:L/PR:N/UI:N/S:U/C:H/I:H/A:H)"/><system-out>Spring Framework, versions 5.0 prior to 5.0.5 and versions 4.3 prior to 4.3.15 and older unsupported versions, allow applications to expose STOMP over WebSocket endpoints with a simple, in-memory STOMP broker through the spring-messaging module. A malicious user (or attacker) can craft a message to the broker that can lead to a remote code execution attack.</system-out><system-err>location: /src/spring-boot-cassandra-0.0.1-SNAPSHOT.jar</system-err></testcase><testcase classname="CVE-2018-1271" name="pkg:maven/com.devops/spring-boot-cassandra@0.0.1-SNAPSHOT"><failure message="cvssV3: MEDIUM, score: 5.9 (CVSS:3.0/AV:N/AC:H/PR:N/UI:N/S:U/C:H/I:N/A:N)"/><system-out>Spring Framework, versions 5.0 prior to 5.0.5 and versions 4.3 prior to 4.3.15 and older unsupported versions, allow applications to configure Spring MVC to serve static resources (e.g. CSS, JS, images). When static resources are served from a file system on Windows (as opposed to the classpath, or the ServletContext), a malicious user can send a request using a specially crafted URL that can lead a directory traversal attack.</system-out><system-err>location: /src/spring-boot-cassandra-0.0.1-SNAPSHOT.jar</system-err></testcase><testcase classname="CVE-2018-1272" name="pkg:maven/com.devops/spring-boot-cassandra@0.0.1-SNAPSHOT"><failure message="cvssV3: HIGH, score: 7.5 (CVSS:3.0/AV:N/AC:H/PR:L/UI:N/S:U/C:H/I:H/A:H)"/><system-out>Spring Framework, versions 5.0 prior to 5.0.5 and versions 4.3 prior to 4.3.15 and older unsupported versions, provide client-side support for multipart requests. When Spring MVC or Spring WebFlux server application (server A) receives input from a remote client, and then uses that input to make a multipart request to another server (server B), it can be exposed to an attack, where an extra multipart is inserted in the content of the request from server A, causing server B to use the wrong value for a part it expects. This could to lead privilege escalation, for example, if the part content represents a username or user roles.</system-out><system-err>location: /src/spring-boot-cassandra-0.0.1-SNAPSHOT.jar</system-err></testcase><testcase classname="CVE-2020-5421" name="pkg:maven/com.devops/spring-boot-cassandra@0.0.1-SNAPSHOT"><failure message="cvssV3: MEDIUM, score: 6.5 (CVSS:3.1/AV:N/AC:H/PR:L/UI:R/S:C/C:L/I:H/A:N)"/><system-out>In Spring Framework versions 5.2.0 - 5.2.8, 5.1.0 - 5.1.17, 5.0.0 - 5.0.18, 4.3.0 - 4.3.28, and older unsupported versions, the protections against RFD attacks from CVE-2015-5211 may be bypassed depending on the browser used through the use of a jsessionid path parameter.</system-out><system-err>location: /src/spring-boot-cassandra-0.0.1-SNAPSHOT.jar</system-err></testcase><testcase classname="CVE-2021-26987" name="pkg:maven/com.devops/spring-boot-cassandra@0.0.1-SNAPSHOT"><failure message="cvssV3: CRITICAL, score: 9.8 (CVSS:3.1/AV:N/AC:L/PR:N/UI:N/S:U/C:H/I:H/A:H)"/><system-out>Element Plug-in for vCenter Server incorporates SpringBoot Framework. SpringBoot Framework versions prior to 1.3.2 are susceptible to a vulnerability which when successfully exploited could lead to Remote Code Execution. All versions of Element Plug-in for vCenter Server, Management Services versions prior to 2.17.56 and Management Node versions through 12.2 contain vulnerable versions of SpringBoot Framework.</system-out><system-err>location: /src/spring-boot-cassandra-0.0.1-SNAPSHOT.jar</system-err></testcase></testsuite><testsuite failures="0" id="1" name="/src/spring-boot-cassandra-0.0.1-SNAPSHOT.jar/BOOT-INF/lib/asm-5.0.3.jar" package="spring-boot-cassandra-0.0.1-SNAPSHOT.jar: asm-5.0.3.jar" skipped="0" tests="1" timestamp="2021-09-07T09:07:11.09062"><testcase classname="dependency-check" name="spring-boot-cassandra-0.0.1-SNAPSHOT.jar: asm-5.0.3.jar"/></testsuite><testsuite failures="0" id="2" name="/src/spring-boot-cassandra-0.0.1-SNAPSHOT.jar/BOOT-INF/lib/asm-analysis-5.0.3.jar" package="spring-boot-cassandra-0.0.1-SNAPSHOT.jar: asm-analysis-5.0.3.jar" skipped="0" tests="1" timestamp="2021-09-07T09:07:11.09062"><testcase classname="dependency-check" name="spring-boot-cassandra-0.0.1-SNAPSHOT.jar: asm-analysis-5.0.3.jar"/></testsuite><testsuite failures="0" id="3" name="/src/spring-boot-cassandra-0.0.1-SNAPSHOT.jar/BOOT-INF/lib/asm-commons-5.0.3.jar" package="spring-boot-cassandra-0.0.1-SNAPSHOT.jar: asm-commons-5.0.3.jar" skipped="0" tests="1" timestamp="2021-09-07T09:07:11.09062"><testcase classname="dependency-check" name="spring-boot-cassandra-0.0.1-SNAPSHOT.jar: asm-commons-5.0.3.jar"/></testsuite><testsuite failures="0" id="4" name="/src/spring-boot-cassandra-0.0.1-SNAPSHOT.jar/BOOT-INF/lib/asm-tree-5.0.3.jar" package="spring-boot-cassandra-0.0.1-SNAPSHOT.jar: asm-tree-5.0.3.jar" skipped="0" tests="1" timestamp="2021-09-07T09:07:11.09062"><testcase classname="dependency-check" name="spring-boot-cassandra-0.0.1-SNAPSHOT.jar: asm-tree-5.0.3.jar"/></testsuite><testsuite failures="0" id="5" name="/src/spring-boot-cassandra-0.0.1-SNAPSHOT.jar/BOOT-INF/lib/asm-util-5.0.3.jar" package="spring-boot-cassandra-0.0.1-SNAPSHOT.jar: asm-util-5.0.3.jar" skipped="0" tests="1" timestamp="2021-09-07T09:07:11.09062"><testcase classname="dependency-check" name="spring-boot-cassandra-0.0.1-SNAPSHOT.jar: asm-util-5.0.3.jar"/></testsuite><testsuite failures="0" id="6" name="/src/spring-boot-cassandra-0.0.1-SNAPSHOT.jar/BOOT-INF/lib/cassandra-driver-core-3.3.0.jar" package="spring-boot-cassandra-0.0.1-SNAPSHOT.jar: cassandra-driver-core-3.3.0.jar" skipped="0" tests="1" timestamp="2021-09-07T09:07:11.09062"><testcase classname="dependency-check" name="spring-boot-cassandra-0.0.1-SNAPSHOT.jar: cassandra-driver-core-3.3.0.jar"/></testsuite><testsuite failures="0" id="7" name="/src/spring-boot-cassandra-0.0.1-SNAPSHOT.jar/BOOT-INF/lib/classmate-1.3.4.jar" package="spring-boot-cassandra-0.0.1-SNAPSHOT.jar: classmate-1.3.4.jar" skipped="0" tests="1" timestamp="2021-09-07T09:07:11.09062"><testcase classname="dependency-check" name="spring-boot-cassandra-0.0.1-SNAPSHOT.jar: classmate-1.3.4.jar"/></testsuite><testsuite failures="2" id="8" name="/src/spring-boot-cassandra-0.0.1-SNAPSHOT.jar/BOOT-INF/lib/guava-19.0.jar" package="spring-boot-cassandra-0.0.1-SNAPSHOT.jar: guava-19.0.jar" skipped="0" tests="2" timestamp="2021-09-07T09:07:11.09062"><testcase classname="CVE-2018-10237" name="pkg:maven/com.google.guava/guava@19.0"><failure message="cvssV3: MEDIUM, score: 5.9 (CVSS:3.1/AV:N/AC:H/PR:N/UI:N/S:U/C:N/I:N/A:H)"/><system-out>Unbounded memory allocation in Google Guava 11.0 through 24.x before 24.1.1 allows remote attackers to conduct denial of service attacks against servers that depend on this library and deserialize attacker-provided data, because the AtomicDoubleArray class (when serialized with Java serialization) and the CompoundOrdering class (when serialized with GWT serialization) perform eager allocation without appropriate checks on what a client has sent and whether the data size is reasonable.</system-out><system-err>location: /src/spring-boot-cassandra-0.0.1-SNAPSHOT.jar/BOOT-INF/lib/guava-19.0.jar</system-err></testcase><testcase classname="CVE-2020-8908" name="pkg:maven/com.google.guava/guava@19.0"><failure message="cvssV3: LOW, score: 3.3 (CVSS:3.1/AV:L/AC:L/PR:L/UI:N/S:U/C:L/I:N/A:N)"/><system-out>A temp directory creation vulnerability exists in all versions of Guava, allowing an attacker with access to the machine to potentially access data in a temporary directory created by the Guava API com.google.common.io.Files.createTempDir(). By default, on unix-like systems, the created directory is world-readable (readable by an attacker with access to the system). The method in question has been marked @Deprecated in versions 30.0 and later and should not be used. For Android developers, we recommend choosing a temporary directory API provided by Android, such as context.getCacheDir(). For other Java developers, we recommend migrating to the Java 7 API java.nio.file.Files.createTempDirectory() which explicitly configures permissions of 700, or configuring the Java runtime&apos;s java.io.tmpdir system property to point to a location whose permissions are appropriately configured.</system-out><system-err>location: /src/spring-boot-cassandra-0.0.1-SNAPSHOT.jar/BOOT-INF/lib/guava-19.0.jar</system-err></testcase></testsuite><testsuite failures="3" id="9" name="/src/spring-boot-cassandra-0.0.1-SNAPSHOT.jar/BOOT-INF/lib/hibernate-validator-5.3.5.Final.jar" package="spring-boot-cassandra-0.0.1-SNAPSHOT.jar: hibernate-validator-5.3.5.Final.jar" skipped="0" tests="3" timestamp="2021-09-07T09:07:11.09062"><testcase classname="CVE-2017-7536" name="pkg:maven/org.hibernate/hibernate-validator@5.3.5.Final"><failure message="cvssV3: HIGH, score: 7.0 (CVSS:3.0/AV:L/AC:H/PR:L/UI:N/S:U/C:H/I:H/A:H)"/><system-out>In Hibernate Validator 5.2.x before 5.2.5 final, 5.3.x, and 5.4.x, it was found that when the security manager&apos;s reflective permissions, which allows it to access the private members of the class, are granted to Hibernate Validator, a potential privilege escalation can occur. By allowing the calling code to access those private members without the permission an attacker may be able to validate an invalid instance and access the private member value via ConstraintViolation#getInvalidValue().</system-out><system-err>location: /src/spring-boot-cassandra-0.0.1-SNAPSHOT.jar/BOOT-INF/lib/hibernate-validator-5.3.5.Final.jar</system-err></testcase><testcase classname="CVE-2019-10219" name="pkg:maven/org.hibernate/hibernate-validator@5.3.5.Final"><failure message="cvssV3: MEDIUM, score: 6.1 (CVSS:3.1/AV:N/AC:L/PR:N/UI:R/S:C/C:L/I:L/A:N)"/><system-out>A vulnerability was found in Hibernate-Validator. The SafeHtml validator annotation fails to properly sanitize payloads consisting of potentially malicious code in HTML comments and instructions. This vulnerability can result in an XSS attack.</system-out><system-err>location: /src/spring-boot-cassandra-0.0.1-SNAPSHOT.jar/BOOT-INF/lib/hibernate-validator-5.3.5.Final.jar</system-err></testcase><testcase classname="CVE-2020-10693" name="pkg:maven/org.hibernate/hibernate-validator@5.3.5.Final"><failure message="cvssV3: MEDIUM, score: 5.3 (CVSS:3.1/AV:N/AC:L/PR:N/UI:N/S:U/C:N/I:L/A:N)"/><system-out>A flaw was found in Hibernate Validator version 6.1.2.Final. A bug in the message interpolation processor enables invalid EL expressions to be evaluated as if they were valid. This flaw allows attackers to bypass input sanitation (escaping, stripping) controls that developers may have put in place when handling user-controlled data in error messages.</system-out><system-err>location: /src/spring-boot-cassandra-0.0.1-SNAPSHOT.jar/BOOT-INF/lib/hibernate-validator-5.3.5.Final.jar</system-err></testcase></testsuite><testsuite failures="1" id="10" name="/src/spring-boot-cassandra-0.0.1-SNAPSHOT.jar/BOOT-INF/lib/jackson-annotations-2.8.0.jar" package="spring-boot-cassandra-0.0.1-SNAPSHOT.jar: jackson-annotations-2.8.0.jar" skipped="0" tests="1" timestamp="2021-09-07T09:07:11.09062"><testcase classname="CVE-2018-1000873" name="pkg:maven/com.fasterxml.jackson.core/jackson-annotations@2.8.0"><failure message="cvssV3: MEDIUM, score: 6.5 (CVSS:3.1/AV:N/AC:L/PR:N/UI:R/S:U/C:N/I:N/A:H)"/><system-out>Fasterxml Jackson version Before 2.9.8 contains a CWE-20: Improper Input Validation vulnerability in Jackson-Modules-Java8 that can result in Causes a denial-of-service (DoS). This attack appear to be exploitable via The victim deserializes malicious input, specifically very large values in the nanoseconds field of a time value. This vulnerability appears to have been fixed in 2.9.8.</system-out><system-err>location: /src/spring-boot-cassandra-0.0.1-SNAPSHOT.jar/BOOT-INF/lib/jackson-annotations-2.8.0.jar</system-err></testcase></testsuite><testsuite failures="1" id="11" name="/src/spring-boot-cassandra-0.0.1-SNAPSHOT.jar/BOOT-INF/lib/jackson-core-2.8.10.jar" package="spring-boot-cassandra-0.0.1-SNAPSHOT.jar: jackson-core-2.8.10.jar" skipped="0" tests="1" timestamp="2021-09-07T09:07:11.09062"><testcase classname="CVE-2018-1000873" name="pkg:maven/com.fasterxml.jackson.core/jackson-core@2.8.10"><failure message="cvssV3: MEDIUM, score: 6.5 (CVSS:3.1/AV:N/AC:L/PR:N/UI:R/S:U/C:N/I:N/A:H)"/><system-out>Fasterxml Jackson version Before 2.9.8 contains a CWE-20: Improper Input Validation vulnerability in Jackson-Modules-Java8 that can result in Causes a denial-of-service (DoS). This attack appear to be exploitable via The victim deserializes malicious input, specifically very large values in the nanoseconds field of a time value. This vulnerability appears to have been fixed in 2.9.8.</system-out><system-err>location: /src/spring-boot-cassandra-0.0.1-SNAPSHOT.jar/BOOT-INF/lib/jackson-core-2.8.10.jar</system-err></testcase></testsuite><testsuite failures="35" id="12" name="/src/spring-boot-cassandra-0.0.1-SNAPSHOT.jar/BOOT-INF/lib/jackson-databind-2.8.10.jar" package="spring-boot-cassandra-0.0.1-SNAPSHOT.jar: jackson-databind-2.8.10.jar" skipped="0" tests="35" timestamp="2021-09-07T09:07:11.09062"><testcase classname="CVE-2017-17485" name="pkg:maven/com.fasterxml.jackson.core/jackson-databind@2.8.10"><failure message="cvssV3: CRITICAL, score: 9.8 (CVSS:3.1/AV:N/AC:L/PR:N/UI:N/S:U/C:H/I:H/A:H)"/><system-out>FasterXML jackson-databind through 2.8.10 and 2.9.x through 2.9.3 allows unauthenticated remote code execution because of an incomplete fix for the CVE-2017-7525 deserialization flaw. This is exploitable by sending maliciously crafted JSON input to the readValue method of the ObjectMapper, bypassing a blacklist that is ineffective if the Spring libraries are available in the classpath.</system-out><system-err>location: /src/spring-boot-cassandra-0.0.1-SNAPSHOT.jar/BOOT-INF/lib/jackson-databind-2.8.10.jar</system-err></testcase><testcase classname="CVE-2018-1000873" name="pkg:maven/com.fasterxml.jackson.core/jackson-databind@2.8.10"><failure message="cvssV3: MEDIUM, score: 6.5 (CVSS:3.1/AV:N/AC:L/PR:N/UI:R/S:U/C:N/I:N/A:H)"/><system-out>Fasterxml Jackson version Before 2.9.8 contains a CWE-20: Improper Input Validation vulnerability in Jackson-Modules-Java8 that can result in Causes a denial-of-service (DoS). This attack appear to be exploitable via The victim deserializes malicious input, specifically very large values in the nanoseconds field of a time value. This vulnerability appears to have been fixed in 2.9.8.</system-out><system-err>location: /src/spring-boot-cassandra-0.0.1-SNAPSHOT.jar/BOOT-INF/lib/jackson-databind-2.8.10.jar</system-err></testcase><testcase classname="CVE-2018-11307" name="pkg:maven/com.fasterxml.jackson.core/jackson-databind@2.8.10"><failure message="cvssV3: CRITICAL, score: 9.8 (CVSS:3.1/AV:N/AC:L/PR:N/UI:N/S:U/C:H/I:H/A:H)"/><system-out>An issue was discovered in FasterXML jackson-databind 2.0.0 through 2.9.5. Use of Jackson default typing along with a gadget class from iBatis allows exfiltration of content. Fixed in 2.7.9.4, 2.8.11.2, and 2.9.6.</system-out><system-err>location: /src/spring-boot-cassandra-0.0.1-SNAPSHOT.jar/BOOT-INF/lib/jackson-databind-2.8.10.jar</system-err></testcase><testcase classname="CVE-2018-12022" name="pkg:maven/com.fasterxml.jackson.core/jackson-databind@2.8.10"><failure message="cvssV3: HIGH, score: 7.5 (CVSS:3.0/AV:N/AC:H/PR:N/UI:R/S:U/C:H/I:H/A:H)"/><system-out>An issue was discovered in FasterXML jackson-databind prior to 2.7.9.4, 2.8.11.2, and 2.9.6. When Default Typing is enabled (either globally or for a specific property), the service has the Jodd-db jar (for database access for the Jodd framework) in the classpath, and an attacker can provide an LDAP service to access, it is possible to make the service execute a malicious payload.</system-out><system-err>location: /src/spring-boot-cassandra-0.0.1-SNAPSHOT.jar/BOOT-INF/lib/jackson-databind-2.8.10.jar</system-err></testcase><testcase classname="CVE-2018-12023" name="pkg:maven/com.fasterxml.jackson.core/jackson-databind@2.8.10"><failure message="cvssV3: HIGH, score: 7.5 (CVSS:3.0/AV:N/AC:H/PR:N/UI:R/S:U/C:H/I:H/A:H)"/><system-out>An issue was discovered in FasterXML jackson-databind prior to 2.7.9.4, 2.8.11.2, and 2.9.6. When Default Typing is enabled (either globally or for a specific property), the service has the Oracle JDBC jar in the classpath, and an attacker can provide an LDAP service to access, it is possible to make the service execute a malicious payload.</system-out><system-err>location: /src/spring-boot-cassandra-0.0.1-SNAPSHOT.jar/BOOT-INF/lib/jackson-databind-2.8.10.jar</system-err></testcase><testcase classname="CVE-2018-14718" name="pkg:maven/com.fasterxml.jackson.core/jackson-databind@2.8.10"><failure message="cvssV3: CRITICAL, score: 9.8 (CVSS:3.1/AV:N/AC:L/PR:N/UI:N/S:U/C:H/I:H/A:H)"/><system-out>FasterXML jackson-databind 2.x before 2.9.7 might allow remote attackers to execute arbitrary code by leveraging failure to block the slf4j-ext class from polymorphic deserialization.</system-out><system-err>location: /src/spring-boot-cassandra-0.0.1-SNAPSHOT.jar/BOOT-INF/lib/jackson-databind-2.8.10.jar</system-err></testcase><testcase classname="CVE-2018-14719" name="pkg:maven/com.fasterxml.jackson.core/jackson-databind@2.8.10"><failure message="cvssV3: CRITICAL, score: 9.8 (CVSS:3.1/AV:N/AC:L/PR:N/UI:N/S:U/C:H/I:H/A:H)"/><system-out>FasterXML jackson-databind 2.x before 2.9.7 might allow remote attackers to execute arbitrary code by leveraging failure to block the blaze-ds-opt and blaze-ds-core classes from polymorphic deserialization.</system-out><system-err>location: /src/spring-boot-cassandra-0.0.1-SNAPSHOT.jar/BOOT-INF/lib/jackson-databind-2.8.10.jar</system-err></testcase><testcase classname="CVE-2018-14720" name="pkg:maven/com.fasterxml.jackson.core/jackson-databind@2.8.10"><failure message="cvssV3: CRITICAL, score: 9.8 (CVSS:3.0/AV:N/AC:L/PR:N/UI:N/S:U/C:H/I:H/A:H)"/><system-out>FasterXML jackson-databind 2.x before 2.9.7 might allow attackers to conduct external XML entity (XXE) attacks by leveraging failure to block unspecified JDK classes from polymorphic deserialization.</system-out><system-err>location: /src/spring-boot-cassandra-0.0.1-SNAPSHOT.jar/BOOT-INF/lib/jackson-databind-2.8.10.jar</system-err></testcase><testcase classname="CVE-2018-14721" name="pkg:maven/com.fasterxml.jackson.core/jackson-databind@2.8.10"><failure message="cvssV3: CRITICAL, score: 10.0 (CVSS:3.0/AV:N/AC:L/PR:N/UI:N/S:C/C:H/I:H/A:H)"/><system-out>FasterXML jackson-databind 2.x before 2.9.7 might allow remote attackers to conduct server-side request forgery (SSRF) attacks by leveraging failure to block the axis2-jaxws class from polymorphic deserialization.</system-out><system-err>location: /src/spring-boot-cassandra-0.0.1-SNAPSHOT.jar/BOOT-INF/lib/jackson-databind-2.8.10.jar</system-err></testcase><testcase classname="CVE-2018-19360" name="pkg:maven/com.fasterxml.jackson.core/jackson-databind@2.8.10"><failure message="cvssV3: CRITICAL, score: 9.8 (CVSS:3.0/AV:N/AC:L/PR:N/UI:N/S:U/C:H/I:H/A:H)"/><system-out>FasterXML jackson-databind 2.x before 2.9.8 might allow attackers to have unspecified impact by leveraging failure to block the axis2-transport-jms class from polymorphic deserialization.</system-out><system-err>location: /src/spring-boot-cassandra-0.0.1-SNAPSHOT.jar/BOOT-INF/lib/jackson-databind-2.8.10.jar</system-err></testcase><testcase classname="CVE-2018-19361" name="pkg:maven/com.fasterxml.jackson.core/jackson-databind@2.8.10"><failure message="cvssV3: CRITICAL, score: 9.8 (CVSS:3.0/AV:N/AC:L/PR:N/UI:N/S:U/C:H/I:H/A:H)"/><system-out>FasterXML jackson-databind 2.x before 2.9.8 might allow attackers to have unspecified impact by leveraging failure to block the openjpa class from polymorphic deserialization.</system-out><system-err>location: /src/spring-boot-cassandra-0.0.1-SNAPSHOT.jar/BOOT-INF/lib/jackson-databind-2.8.10.jar</system-err></testcase><testcase classname="CVE-2018-19362" name="pkg:maven/com.fasterxml.jackson.core/jackson-databind@2.8.10"><failure message="cvssV3: CRITICAL, score: 9.8 (CVSS:3.0/AV:N/AC:L/PR:N/UI:N/S:U/C:H/I:H/A:H)"/><system-out>FasterXML jackson-databind 2.x before 2.9.8 might allow attackers to have unspecified impact by leveraging failure to block the jboss-common-core class from polymorphic deserialization.</system-out><system-err>location: /src/spring-boot-cassandra-0.0.1-SNAPSHOT.jar/BOOT-INF/lib/jackson-databind-2.8.10.jar</system-err></testcase><testcase classname="CVE-2018-5968" name="pkg:maven/com.fasterxml.jackson.core/jackson-databind@2.8.10"><failure message="cvssV3: HIGH, score: 8.1 (CVSS:3.1/AV:N/AC:H/PR:N/UI:N/S:U/C:H/I:H/A:H)"/><system-out>FasterXML jackson-databind through 2.8.11 and 2.9.x through 2.9.3 allows unauthenticated remote code execution because of an incomplete fix for the CVE-2017-7525 and CVE-2017-17485 deserialization flaws. This is exploitable via two different gadgets that bypass a blacklist.</system-out><system-err>location: /src/spring-boot-cassandra-0.0.1-SNAPSHOT.jar/BOOT-INF/lib/jackson-databind-2.8.10.jar</system-err></testcase><testcase classname="CVE-2018-7489" name="pkg:maven/com.fasterxml.jackson.core/jackson-databind@2.8.10"><failure message="cvssV3: CRITICAL, score: 9.8 (CVSS:3.0/AV:N/AC:L/PR:N/UI:N/S:U/C:H/I:H/A:H)"/><system-out>FasterXML jackson-databind before 2.7.9.3, 2.8.x before 2.8.11.1 and 2.9.x before 2.9.5 allows unauthenticated remote code execution because of an incomplete fix for the CVE-2017-7525 deserialization flaw. This is exploitable by sending maliciously crafted JSON input to the readValue method of the ObjectMapper, bypassing a blacklist that is ineffective if the c3p0 libraries are available in the classpath.</system-out><system-err>location: /src/spring-boot-cassandra-0.0.1-SNAPSHOT.jar/BOOT-INF/lib/jackson-databind-2.8.10.jar</system-err></testcase><testcase classname="CVE-2019-12086" name="pkg:maven/com.fasterxml.jackson.core/jackson-databind@2.8.10"><failure message="cvssV3: HIGH, score: 7.5 (CVSS:3.0/AV:N/AC:L/PR:N/UI:N/S:U/C:H/I:N/A:N)"/><system-out>A Polymorphic Typing issue was discovered in FasterXML jackson-databind 2.x before 2.9.9. When Default Typing is enabled (either globally or for a specific property) for an externally exposed JSON endpoint, the service has the mysql-connector-java jar (8.0.14 or earlier) in the classpath, and an attacker can host a crafted MySQL server reachable by the victim, an attacker can send a crafted JSON message that allows them to read arbitrary local files on the server. This occurs because of missing com.mysql.cj.jdbc.admin.MiniAdmin validation.</system-out><system-err>location: /src/spring-boot-cassandra-0.0.1-SNAPSHOT.jar/BOOT-INF/lib/jackson-databind-2.8.10.jar</system-err></testcase><testcase classname="CVE-2019-12384" name="pkg:maven/com.fasterxml.jackson.core/jackson-databind@2.8.10"><failure message="cvssV3: MEDIUM, score: 5.9 (CVSS:3.0/AV:N/AC:H/PR:N/UI:N/S:U/C:H/I:N/A:N)"/><system-out>FasterXML jackson-databind 2.x before 2.9.9.1 might allow attackers to have a variety of impacts by leveraging failure to block the logback-core class from polymorphic deserialization. Depending on the classpath content, remote code execution may be possible.</system-out><system-err>location: /src/spring-boot-cassandra-0.0.1-SNAPSHOT.jar/BOOT-INF/lib/jackson-databind-2.8.10.jar</system-err></testcase><testcase classname="CVE-2019-12814" name="pkg:maven/com.fasterxml.jackson.core/jackson-databind@2.8.10"><failure message="cvssV3: MEDIUM, score: 5.9 (CVSS:3.0/AV:N/AC:H/PR:N/UI:N/S:U/C:H/I:N/A:N)"/><system-out>A Polymorphic Typing issue was discovered in FasterXML jackson-databind 2.x through 2.9.9. When Default Typing is enabled (either globally or for a specific property) for an externally exposed JSON endpoint and the service has JDOM 1.x or 2.x jar in the classpath, an attacker can send a specifically crafted JSON message that allows them to read arbitrary local files on the server.</system-out><system-err>location: /src/spring-boot-cassandra-0.0.1-SNAPSHOT.jar/BOOT-INF/lib/jackson-databind-2.8.10.jar</system-err></testcase><testcase classname="CVE-2019-14379" name="pkg:maven/com.fasterxml.jackson.core/jackson-databind@2.8.10"><failure message="cvssV3: CRITICAL, score: 9.8 (CVSS:3.1/AV:N/AC:L/PR:N/UI:N/S:U/C:H/I:H/A:H)"/><system-out>SubTypeValidator.java in FasterXML jackson-databind before 2.9.9.2 mishandles default typing when ehcache is used (because of net.sf.ehcache.transaction.manager.DefaultTransactionManagerLookup), leading to remote code execution.</system-out><system-err>location: /src/spring-boot-cassandra-0.0.1-SNAPSHOT.jar/BOOT-INF/lib/jackson-databind-2.8.10.jar</system-err></testcase><testcase classname="CVE-2019-14439" name="pkg:maven/com.fasterxml.jackson.core/jackson-databind@2.8.10"><failure message="cvssV3: HIGH, score: 7.5 (CVSS:3.0/AV:N/AC:L/PR:N/UI:N/S:U/C:H/I:N/A:N)"/><system-out>A Polymorphic Typing issue was discovered in FasterXML jackson-databind 2.x before 2.9.9.2. This occurs when Default Typing is enabled (either globally or for a specific property) for an externally exposed JSON endpoint and the service has the logback jar in the classpath.</system-out><system-err>location: /src/spring-boot-cassandra-0.0.1-SNAPSHOT.jar/BOOT-INF/lib/jackson-databind-2.8.10.jar</system-err></testcase><testcase classname="CVE-2019-14540" name="pkg:maven/com.fasterxml.jackson.core/jackson-databind@2.8.10"><failure message="cvssV3: CRITICAL, score: 9.8 (CVSS:3.1/AV:N/AC:L/PR:N/UI:N/S:U/C:H/I:H/A:H)"/><system-out>A Polymorphic Typing issue was discovered in FasterXML jackson-databind before 2.9.10. It is related to com.zaxxer.hikari.HikariConfig.</system-out><system-err>location: /src/spring-boot-cassandra-0.0.1-SNAPSHOT.jar/BOOT-INF/lib/jackson-databind-2.8.10.jar</system-err></testcase><testcase classname="CVE-2019-14892" name="pkg:maven/com.fasterxml.jackson.core/jackson-databind@2.8.10"><failure message="cvssV3: CRITICAL, score: 9.8 (CVSS:3.1/AV:N/AC:L/PR:N/UI:N/S:U/C:H/I:H/A:H)"/><system-out>A flaw was discovered in jackson-databind in versions before 2.9.10, 2.8.11.5 and 2.6.7.3, where it would permit polymorphic deserialization of a malicious object using commons-configuration 1 and 2 JNDI classes. An attacker could use this flaw to execute arbitrary code.</system-out><system-err>location: /src/spring-boot-cassandra-0.0.1-SNAPSHOT.jar/BOOT-INF/lib/jackson-databind-2.8.10.jar</system-err></testcase><testcase classname="CVE-2019-14893" name="pkg:maven/com.fasterxml.jackson.core/jackson-databind@2.8.10"><failure message="cvssV3: CRITICAL, score: 9.8 (CVSS:3.1/AV:N/AC:L/PR:N/UI:N/S:U/C:H/I:H/A:H)"/><system-out>A flaw was discovered in FasterXML jackson-databind in all versions before 2.9.10 and 2.10.0, where it would permit polymorphic deserialization of malicious objects using the xalan JNDI gadget when used in conjunction with polymorphic type handling methods such as `enableDefaultTyping()` or when @JsonTypeInfo is using `Id.CLASS` or `Id.MINIMAL_CLASS` or in any other way which ObjectMapper.readValue might instantiate objects from unsafe sources. An attacker could use this flaw to execute arbitrary code.</system-out><system-err>location: /src/spring-boot-cassandra-0.0.1-SNAPSHOT.jar/BOOT-INF/lib/jackson-databind-2.8.10.jar</system-err></testcase><testcase classname="CVE-2019-16335" name="pkg:maven/com.fasterxml.jackson.core/jackson-databind@2.8.10"><failure message="cvssV3: CRITICAL, score: 9.8 (CVSS:3.1/AV:N/AC:L/PR:N/UI:N/S:U/C:H/I:H/A:H)"/><system-out>A Polymorphic Typing issue was discovered in FasterXML jackson-databind before 2.9.10. It is related to com.zaxxer.hikari.HikariDataSource. This is a different vulnerability than CVE-2019-14540.</system-out><system-err>location: /src/spring-boot-cassandra-0.0.1-SNAPSHOT.jar/BOOT-INF/lib/jackson-databind-2.8.10.jar</system-err></testcase><testcase classname="CVE-2019-16942" name="pkg:maven/com.fasterxml.jackson.core/jackson-databind@2.8.10"><failure message="cvssV3: CRITICAL, score: 9.8 (CVSS:3.1/AV:N/AC:L/PR:N/UI:N/S:U/C:H/I:H/A:H)"/><system-out>A Polymorphic Typing issue was discovered in FasterXML jackson-databind 2.0.0 through 2.9.10. When Default Typing is enabled (either globally or for a specific property) for an externally exposed JSON endpoint and the service has the commons-dbcp (1.4) jar in the classpath, and an attacker can find an RMI service endpoint to access, it is possible to make the service execute a malicious payload. This issue exists because of org.apache.commons.dbcp.datasources.SharedPoolDataSource and org.apache.commons.dbcp.datasources.PerUserPoolDataSource mishandling.</system-out><system-err>location: /src/spring-boot-cassandra-0.0.1-SNAPSHOT.jar/BOOT-INF/lib/jackson-databind-2.8.10.jar</system-err></testcase><testcase classname="CVE-2019-16943" name="pkg:maven/com.fasterxml.jackson.core/jackson-databind@2.8.10"><failure message="cvssV3: CRITICAL, score: 9.8 (CVSS:3.1/AV:N/AC:L/PR:N/UI:N/S:U/C:H/I:H/A:H)"/><system-out>A Polymorphic Typing issue was discovered in FasterXML jackson-databind 2.0.0 through 2.9.10. When Default Typing is enabled (either globally or for a specific property) for an externally exposed JSON endpoint and the service has the p6spy (3.8.6) jar in the classpath, and an attacker can find an RMI service endpoint to access, it is possible to make the service execute a malicious payload. This issue exists because of com.p6spy.engine.spy.P6DataSource mishandling.</system-out><system-err>location: /src/spring-boot-cassandra-0.0.1-SNAPSHOT.jar/BOOT-INF/lib/jackson-databind-2.8.10.jar</system-err></testcase><testcase classname="CVE-2019-17267" name="pkg:maven/com.fasterxml.jackson.core/jackson-databind@2.8.10"><failure message="cvssV3: CRITICAL, score: 9.8 (CVSS:3.1/AV:N/AC:L/PR:N/UI:N/S:U/C:H/I:H/A:H)"/><system-out>A Polymorphic Typing issue was discovered in FasterXML jackson-databind before 2.9.10. It is related to net.sf.ehcache.hibernate.EhcacheJtaTransactionManagerLookup.</system-out><system-err>location: /src/spring-boot-cassandra-0.0.1-SNAPSHOT.jar/BOOT-INF/lib/jackson-databind-2.8.10.jar</system-err></testcase><testcase classname="CVE-2019-17531" name="pkg:maven/com.fasterxml.jackson.core/jackson-databind@2.8.10"><failure message="cvssV3: CRITICAL, score: 9.8 (CVSS:3.1/AV:N/AC:L/PR:N/UI:N/S:U/C:H/I:H/A:H)"/><system-out>A Polymorphic Typing issue was discovered in FasterXML jackson-databind 2.0.0 through 2.9.10. When Default Typing is enabled (either globally or for a specific property) for an externally exposed JSON endpoint and the service has the apache-log4j-extra (version 1.2.x) jar in the classpath, and an attacker can provide a JNDI service to access, it is possible to make the service execute a malicious payload.</system-out><system-err>location: /src/spring-boot-cassandra-0.0.1-SNAPSHOT.jar/BOOT-INF/lib/jackson-databind-2.8.10.jar</system-err></testcase><testcase classname="CVE-2019-20330" name="pkg:maven/com.fasterxml.jackson.core/jackson-databind@2.8.10"><failure message="cvssV3: CRITICAL, score: 9.8 (CVSS:3.1/AV:N/AC:L/PR:N/UI:N/S:U/C:H/I:H/A:H)"/><system-out>FasterXML jackson-databind 2.x before 2.9.10.2 lacks certain net.sf.ehcache blocking.</system-out><system-err>location: /src/spring-boot-cassandra-0.0.1-SNAPSHOT.jar/BOOT-INF/lib/jackson-databind-2.8.10.jar</system-err></testcase><testcase classname="CVE-2020-10969" name="pkg:maven/com.fasterxml.jackson.core/jackson-databind@2.8.10"><failure message="cvssV3: HIGH, score: 8.8 (CVSS:3.1/AV:N/AC:L/PR:N/UI:R/S:U/C:H/I:H/A:H)"/><system-out>FasterXML jackson-databind 2.x before 2.9.10.4 mishandles the interaction between serialization gadgets and typing, related to javax.swing.JEditorPane.</system-out><system-err>location: /src/spring-boot-cassandra-0.0.1-SNAPSHOT.jar/BOOT-INF/lib/jackson-databind-2.8.10.jar</system-err></testcase><testcase classname="CVE-2020-35490" name="pkg:maven/com.fasterxml.jackson.core/jackson-databind@2.8.10"><failure message="cvssV3: HIGH, score: 8.1 (CVSS:3.1/AV:N/AC:H/PR:N/UI:N/S:U/C:H/I:H/A:H)"/><system-out>FasterXML jackson-databind 2.x before 2.9.10.8 mishandles the interaction between serialization gadgets and typing, related to org.apache.commons.dbcp2.datasources.PerUserPoolDataSource.</system-out><system-err>location: /src/spring-boot-cassandra-0.0.1-SNAPSHOT.jar/BOOT-INF/lib/jackson-databind-2.8.10.jar</system-err></testcase><testcase classname="CVE-2020-35491" name="pkg:maven/com.fasterxml.jackson.core/jackson-databind@2.8.10"><failure message="cvssV3: HIGH, score: 8.1 (CVSS:3.1/AV:N/AC:H/PR:N/UI:N/S:U/C:H/I:H/A:H)"/><system-out>FasterXML jackson-databind 2.x before 2.9.10.8 mishandles the interaction between serialization gadgets and typing, related to org.apache.commons.dbcp2.datasources.SharedPoolDataSource.</system-out><system-err>location: /src/spring-boot-cassandra-0.0.1-SNAPSHOT.jar/BOOT-INF/lib/jackson-databind-2.8.10.jar</system-err></testcase><testcase classname="CVE-2020-8840" name="pkg:maven/com.fasterxml.jackson.core/jackson-databind@2.8.10"><failure message="cvssV3: CRITICAL, score: 9.8 (CVSS:3.1/AV:N/AC:L/PR:N/UI:N/S:U/C:H/I:H/A:H)"/><system-out>FasterXML jackson-databind 2.0.0 through 2.9.10.2 lacks certain xbean-reflect/JNDI blocking, as demonstrated by org.apache.xbean.propertyeditor.JndiConverter.</system-out><system-err>location: /src/spring-boot-cassandra-0.0.1-SNAPSHOT.jar/BOOT-INF/lib/jackson-databind-2.8.10.jar</system-err></testcase><testcase classname="CVE-2020-9546" name="pkg:maven/com.fasterxml.jackson.core/jackson-databind@2.8.10"><failure message="cvssV3: CRITICAL, score: 9.8 (CVSS:3.1/AV:N/AC:L/PR:N/UI:N/S:U/C:H/I:H/A:H)"/><system-out>FasterXML jackson-databind 2.x before 2.9.10.4 mishandles the interaction between serialization gadgets and typing, related to org.apache.hadoop.shaded.com.zaxxer.hikari.HikariConfig (aka shaded hikari-config).</system-out><system-err>location: /src/spring-boot-cassandra-0.0.1-SNAPSHOT.jar/BOOT-INF/lib/jackson-databind-2.8.10.jar</system-err></testcase><testcase classname="CVE-2020-9547" name="pkg:maven/com.fasterxml.jackson.core/jackson-databind@2.8.10"><failure message="cvssV3: CRITICAL, score: 9.8 (CVSS:3.1/AV:N/AC:L/PR:N/UI:N/S:U/C:H/I:H/A:H)"/><system-out>FasterXML jackson-databind 2.x before 2.9.10.4 mishandles the interaction between serialization gadgets and typing, related to com.ibatis.sqlmap.engine.transaction.jta.JtaTransactionConfig (aka ibatis-sqlmap).</system-out><system-err>location: /src/spring-boot-cassandra-0.0.1-SNAPSHOT.jar/BOOT-INF/lib/jackson-databind-2.8.10.jar</system-err></testcase><testcase classname="CVE-2020-9548" name="pkg:maven/com.fasterxml.jackson.core/jackson-databind@2.8.10"><failure message="cvssV3: CRITICAL, score: 9.8 (CVSS:3.1/AV:N/AC:L/PR:N/UI:N/S:U/C:H/I:H/A:H)"/><system-out>FasterXML jackson-databind 2.x before 2.9.10.4 mishandles the interaction between serialization gadgets and typing, related to br.com.anteros.dbcp.AnterosDBCPConfig (aka anteros-core).</system-out><system-err>location: /src/spring-boot-cassandra-0.0.1-SNAPSHOT.jar/BOOT-INF/lib/jackson-databind-2.8.10.jar</system-err></testcase></testsuite><testsuite failures="0" id="13" name="/src/spring-boot-cassandra-0.0.1-SNAPSHOT.jar/BOOT-INF/lib/jboss-logging-3.3.1.Final.jar" package="spring-boot-cassandra-0.0.1-SNAPSHOT.jar: jboss-logging-3.3.1.Final.jar" skipped="0" tests="1" timestamp="2021-09-07T09:07:11.09062"><testcase classname="dependency-check" name="spring-boot-cassandra-0.0.1-SNAPSHOT.jar: jboss-logging-3.3.1.Final.jar"/></testsuite><testsuite failures="0" id="14" name="/src/spring-boot-cassandra-0.0.1-SNAPSHOT.jar/BOOT-INF/lib/jcl-over-slf4j-1.7.25.jar" package="spring-boot-cassandra-0.0.1-SNAPSHOT.jar: jcl-over-slf4j-1.7.25.jar" skipped="0" tests="1" timestamp="2021-09-07T09:07:11.09062"><testcase classname="dependency-check" name="spring-boot-cassandra-0.0.1-SNAPSHOT.jar: jcl-over-slf4j-1.7.25.jar"/></testsuite><testsuite failures="0" id="15" name="/src/spring-boot-cassandra-0.0.1-SNAPSHOT.jar/BOOT-INF/lib/jffi-1.2.10-native.jar" package="spring-boot-cassandra-0.0.1-SNAPSHOT.jar: jffi-1.2.10-native.jar" skipped="0" tests="1" timestamp="2021-09-07T09:07:11.09062"><testcase classname="dependency-check" name="spring-boot-cassandra-0.0.1-SNAPSHOT.jar: jffi-1.2.10-native.jar"/></testsuite><testsuite failures="0" id="16" name="/src/spring-boot-cassandra-0.0.1-SNAPSHOT.jar/BOOT-INF/lib/jffi-1.2.10-native.jar/jni/i386-Windows/jffi-1.2.dll" package="spring-boot-cassandra-0.0.1-SNAPSHOT.jar: jffi-1.2.10-native.jar: jffi-1.2.dll" skipped="0" tests="1" timestamp="2021-09-07T09:07:11.09062"><testcase classname="dependency-check" name="spring-boot-cassandra-0.0.1-SNAPSHOT.jar: jffi-1.2.10-native.jar: jffi-1.2.dll"/></testsuite><testsuite failures="0" id="17" name="/src/spring-boot-cassandra-0.0.1-SNAPSHOT.jar/BOOT-INF/lib/jffi-1.2.10-native.jar/jni/x86_64-Windows/jffi-1.2.dll" package="spring-boot-cassandra-0.0.1-SNAPSHOT.jar: jffi-1.2.10-native.jar: jffi-1.2.dll" skipped="0" tests="1" timestamp="2021-09-07T09:07:11.09062"><testcase classname="dependency-check" name="spring-boot-cassandra-0.0.1-SNAPSHOT.jar: jffi-1.2.10-native.jar: jffi-1.2.dll"/></testsuite><testsuite failures="0" id="18" name="/src/spring-boot-cassandra-0.0.1-SNAPSHOT.jar/BOOT-INF/lib/jffi-1.2.10.jar" package="spring-boot-cassandra-0.0.1-SNAPSHOT.jar: jffi-1.2.10.jar" skipped="0" tests="1" timestamp="2021-09-07T09:07:11.09062"><testcase classname="dependency-check" name="spring-boot-cassandra-0.0.1-SNAPSHOT.jar: jffi-1.2.10.jar"/></testsuite><testsuite failures="0" id="19" name="/src/spring-boot-cassandra-0.0.1-SNAPSHOT.jar/BOOT-INF/lib/jnr-constants-0.9.0.jar" package="spring-boot-cassandra-0.0.1-SNAPSHOT.jar: jnr-constants-0.9.0.jar" skipped="0" tests="1" timestamp="2021-09-07T09:07:11.09062"><testcase classname="dependency-check" name="spring-boot-cassandra-0.0.1-SNAPSHOT.jar: jnr-constants-0.9.0.jar"/></testsuite><testsuite failures="0" id="20" name="/src/spring-boot-cassandra-0.0.1-SNAPSHOT.jar/BOOT-INF/lib/jnr-ffi-2.0.7.jar" package="spring-boot-cassandra-0.0.1-SNAPSHOT.jar: jnr-ffi-2.0.7.jar" skipped="0" tests="1" timestamp="2021-09-07T09:07:11.09062"><testcase classname="dependency-check" name="spring-boot-cassandra-0.0.1-SNAPSHOT.jar: jnr-ffi-2.0.7.jar"/></testsuite><testsuite failures="0" id="21" name="/src/spring-boot-cassandra-0.0.1-SNAPSHOT.jar/BOOT-INF/lib/jnr-posix-3.0.27.jar" package="spring-boot-cassandra-0.0.1-SNAPSHOT.jar: jnr-posix-3.0.27.jar" skipped="0" tests="1" timestamp="2021-09-07T09:07:11.09062"><testcase classname="dependency-check" name="spring-boot-cassandra-0.0.1-SNAPSHOT.jar: jnr-posix-3.0.27.jar"/></testsuite><testsuite failures="0" id="22" name="/src/spring-boot-cassandra-0.0.1-SNAPSHOT.jar/BOOT-INF/lib/jnr-x86asm-1.0.2.jar" package="spring-boot-cassandra-0.0.1-SNAPSHOT.jar: jnr-x86asm-1.0.2.jar" skipped="0" tests="1" timestamp="2021-09-07T09:07:11.09062"><testcase classname="dependency-check" name="spring-boot-cassandra-0.0.1-SNAPSHOT.jar: jnr-x86asm-1.0.2.jar"/></testsuite><testsuite failures="0" id="23" name="/src/spring-boot-cassandra-0.0.1-SNAPSHOT.jar/BOOT-INF/lib/jul-to-slf4j-1.7.25.jar" package="spring-boot-cassandra-0.0.1-SNAPSHOT.jar: jul-to-slf4j-1.7.25.jar" skipped="0" tests="1" timestamp="2021-09-07T09:07:11.09062"><testcase classname="dependency-check" name="spring-boot-cassandra-0.0.1-SNAPSHOT.jar: jul-to-slf4j-1.7.25.jar"/></testsuite><testsuite failures="0" id="24" name="/src/spring-boot-cassandra-0.0.1-SNAPSHOT.jar/BOOT-INF/lib/log4j-over-slf4j-1.7.25.jar" package="spring-boot-cassandra-0.0.1-SNAPSHOT.jar: log4j-over-slf4j-1.7.25.jar" skipped="0" tests="1" timestamp="2021-09-07T09:07:11.09062"><testcase classname="dependency-check" name="spring-boot-cassandra-0.0.1-SNAPSHOT.jar: log4j-over-slf4j-1.7.25.jar"/></testsuite><testsuite failures="1" id="25" name="/src/spring-boot-cassandra-0.0.1-SNAPSHOT.jar/BOOT-INF/lib/logback-core-1.1.11.jar" package="spring-boot-cassandra-0.0.1-SNAPSHOT.jar: logback-core-1.1.11.jar" skipped="0" tests="1" timestamp="2021-09-07T09:07:11.09062"><testcase classname="CVE-2017-5929" name="pkg:maven/ch.qos.logback/logback-core@1.1.11"><failure message="cvssV3: CRITICAL, score: 9.8 (CVSS:3.1/AV:N/AC:L/PR:N/UI:N/S:U/C:H/I:H/A:H)"/><system-out>QOS.ch Logback before 1.2.0 has a serialization vulnerability affecting the SocketServer and ServerSocketReceiver components.</system-out><system-err>location: /src/spring-boot-cassandra-0.0.1-SNAPSHOT.jar/BOOT-INF/lib/logback-core-1.1.11.jar</system-err></testcase></testsuite><testsuite failures="0" id="26" name="/src/spring-boot-cassandra-0.0.1-SNAPSHOT.jar/BOOT-INF/lib/metrics-core-3.1.5.jar" package="spring-boot-cassandra-0.0.1-SNAPSHOT.jar: metrics-core-3.1.5.jar" skipped="0" tests="1" timestamp="2021-09-07T09:07:11.09062"><testcase classname="dependency-check" name="spring-boot-cassandra-0.0.1-SNAPSHOT.jar: metrics-core-3.1.5.jar"/></testsuite><testsuite failures="0" id="27" name="/src/spring-boot-cassandra-0.0.1-SNAPSHOT.jar/BOOT-INF/lib/netty-common-4.0.47.Final.jar/META-INF/maven/org.jctools/jctools-core/pom.xml" package="spring-boot-cassandra-0.0.1-SNAPSHOT.jar: netty-common-4.0.47.Final.jar (shaded: org.jctools:jctools-core:2.0.1)" skipped="0" tests="1" timestamp="2021-09-07T09:07:11.09062"><testcase classname="dependency-check" name="spring-boot-cassandra-0.0.1-SNAPSHOT.jar: netty-common-4.0.47.Final.jar (shaded: org.jctools:jctools-core:2.0.1)"/></testsuite><testsuite failures="6" id="28" name="/src/spring-boot-cassandra-0.0.1-SNAPSHOT.jar/BOOT-INF/lib/netty-transport-4.0.47.Final.jar" package="spring-boot-cassandra-0.0.1-SNAPSHOT.jar: netty-transport-4.0.47.Final.jar" skipped="0" tests="6" timestamp="2021-09-07T09:07:11.09062"><testcase classname="CVE-2019-16869" name="pkg:maven/io.netty/netty-transport@4.0.47.Final"><failure message="cvssV3: HIGH, score: 7.5 (CVSS:3.1/AV:N/AC:L/PR:N/UI:N/S:U/C:N/I:H/A:N)"/><system-out>Netty before 4.1.42.Final mishandles whitespace before the colon in HTTP headers (such as a &quot;Transfer-Encoding : chunked&quot; line), which leads to HTTP request smuggling.</system-out><system-err>location: /src/spring-boot-cassandra-0.0.1-SNAPSHOT.jar/BOOT-INF/lib/netty-transport-4.0.47.Final.jar</system-err></testcase><testcase classname="CVE-2019-20444" name="pkg:maven/io.netty/netty-transport@4.0.47.Final"><failure message="cvssV3: CRITICAL, score: 9.1 (CVSS:3.1/AV:N/AC:L/PR:N/UI:N/S:U/C:H/I:H/A:N)"/><system-out>HttpObjectDecoder.java in Netty before 4.1.44 allows an HTTP header that lacks a colon, which might be interpreted as a separate header with an incorrect syntax, or might be interpreted as an &quot;invalid fold.&quot;</system-out><system-err>location: /src/spring-boot-cassandra-0.0.1-SNAPSHOT.jar/BOOT-INF/lib/netty-transport-4.0.47.Final.jar</system-err></testcase><testcase classname="CVE-2019-20445" name="pkg:maven/io.netty/netty-transport@4.0.47.Final"><failure message="cvssV3: CRITICAL, score: 9.1 (CVSS:3.1/AV:N/AC:L/PR:N/UI:N/S:U/C:H/I:H/A:N)"/><system-out>HttpObjectDecoder.java in Netty before 4.1.44 allows a Content-Length header to be accompanied by a second Content-Length header, or by a Transfer-Encoding header.</system-out><system-err>location: /src/spring-boot-cassandra-0.0.1-SNAPSHOT.jar/BOOT-INF/lib/netty-transport-4.0.47.Final.jar</system-err></testcase><testcase classname="CVE-2021-21290" name="pkg:maven/io.netty/netty-transport@4.0.47.Final"><failure message="cvssV3: MEDIUM, score: 5.5 (CVSS:3.1/AV:L/AC:L/PR:L/UI:N/S:U/C:H/I:N/A:N)"/><system-out>Netty is an open-source, asynchronous event-driven network application framework for rapid development of maintainable high performance protocol servers &amp; clients. In Netty before version 4.1.59.Final there is a vulnerability on Unix-like systems involving an insecure temp file. When netty&apos;s multipart decoders are used local information disclosure can occur via the local system temporary directory if temporary storing uploads on the disk is enabled. On unix-like systems, the temporary directory is shared between all user. As such, writing to this directory using APIs that do not explicitly set the file/directory permissions can lead to information disclosure. Of note, this does not impact modern MacOS Operating Systems. The method &quot;File.createTempFile&quot; on unix-like systems creates a random file, but, by default will create this file with the permissions &quot;-rw-r--r--&quot;. Thus, if sensitive information is written to this file, other local users can read this information. This is the case in netty&apos;s &quot;AbstractDiskHttpData&quot; is vulnerable. This has been fixed in version 4.1.59.Final. As a workaround, one may specify your own &quot;java.io.tmpdir&quot; when you start the JVM or use &quot;DefaultHttpDataFactory.setBaseDir(...)&quot; to set the directory to something that is only readable by the current user.</system-out><system-err>location: /src/spring-boot-cassandra-0.0.1-SNAPSHOT.jar/BOOT-INF/lib/netty-transport-4.0.47.Final.jar</system-err></testcase><testcase classname="CVE-2021-21295" name="pkg:maven/io.netty/netty-transport@4.0.47.Final"><failure message="cvssV3: MEDIUM, score: 5.9 (CVSS:3.1/AV:N/AC:H/PR:N/UI:N/S:U/C:N/I:H/A:N)"/><system-out>Netty is an open-source, asynchronous event-driven network application framework for rapid development of maintainable high performance protocol servers &amp; clients. In Netty (io.netty:netty-codec-http2) before version 4.1.60.Final there is a vulnerability that enables request smuggling. If a Content-Length header is present in the original HTTP/2 request, the field is not validated by `Http2MultiplexHandler` as it is propagated up. This is fine as long as the request is not proxied through as HTTP/1.1. If the request comes in as an HTTP/2 stream, gets converted into the HTTP/1.1 domain objects (`HttpRequest`, `HttpContent`, etc.) via `Http2StreamFrameToHttpObjectCodec `and then sent up to the child channel&apos;s pipeline and proxied through a remote peer as HTTP/1.1 this may result in request smuggling. In a proxy case, users may assume the content-length is validated somehow, which is not the case. If the request is forwarded to a backend channel that is a HTTP/1.1 connection, the Content-Length now has meaning and needs to be checked. An attacker can smuggle requests inside the body as it gets downgraded from HTTP/2 to HTTP/1.1. For an example attack refer to the linked GitHub Advisory. Users are only affected if all of this is true: `HTTP2MultiplexCodec` or `Http2FrameCodec` is used, `Http2StreamFrameToHttpObjectCodec` is used to convert to HTTP/1.1 objects, and these HTTP/1.1 objects are forwarded to another remote peer. This has been patched in 4.1.60.Final As a workaround, the user can do the validation by themselves by implementing a custom `ChannelInboundHandler` that is put in the `ChannelPipeline` behind `Http2StreamFrameToHttpObjectCodec`.</system-out><system-err>location: /src/spring-boot-cassandra-0.0.1-SNAPSHOT.jar/BOOT-INF/lib/netty-transport-4.0.47.Final.jar</system-err></testcase><testcase classname="CVE-2021-21409" name="pkg:maven/io.netty/netty-transport@4.0.47.Final"><failure message="cvssV3: MEDIUM, score: 5.9 (CVSS:3.1/AV:N/AC:H/PR:N/UI:N/S:U/C:N/I:H/A:N)"/><system-out>Netty is an open-source, asynchronous event-driven network application framework for rapid development of maintainable high performance protocol servers &amp; clients. In Netty (io.netty:netty-codec-http2) before version 4.1.61.Final there is a vulnerability that enables request smuggling. The content-length header is not correctly validated if the request only uses a single Http2HeaderFrame with the endStream set to to true. This could lead to request smuggling if the request is proxied to a remote peer and translated to HTTP/1.1. This is a followup of GHSA-wm47-8v5p-wjpj/CVE-2021-21295 which did miss to fix this one case. This was fixed as part of 4.1.61.Final.</system-out><system-err>location: /src/spring-boot-cassandra-0.0.1-SNAPSHOT.jar/BOOT-INF/lib/netty-transport-4.0.47.Final.jar</system-err></testcase></testsuite><testsuite failures="0" id="29" name="/src/spring-boot-cassandra-0.0.1-SNAPSHOT.jar/BOOT-INF/lib/slf4j-api-1.7.25.jar" package="spring-boot-cassandra-0.0.1-SNAPSHOT.jar: slf4j-api-1.7.25.jar" skipped="0" tests="1" timestamp="2021-09-07T09:07:11.09062"><testcase classname="dependency-check" name="spring-boot-cassandra-0.0.1-SNAPSHOT.jar: slf4j-api-1.7.25.jar"/></testsuite><testsuite failures="1" id="30" name="/src/spring-boot-cassandra-0.0.1-SNAPSHOT.jar/BOOT-INF/lib/snakeyaml-1.17.jar" package="spring-boot-cassandra-0.0.1-SNAPSHOT.jar: snakeyaml-1.17.jar" skipped="0" tests="1" timestamp="2021-09-07T09:07:11.09062"><testcase classname="CVE-2017-18640" name="pkg:maven/org.yaml/snakeyaml@1.17"><failure message="cvssV3: HIGH, score: 7.5 (CVSS:3.1/AV:N/AC:L/PR:N/UI:N/S:U/C:N/I:N/A:H)"/><system-out>The Alias feature in SnakeYAML 1.18 allows entity expansion during a load operation, a related issue to CVE-2003-1564.</system-out><system-err>location: /src/spring-boot-cassandra-0.0.1-SNAPSHOT.jar/BOOT-INF/lib/snakeyaml-1.17.jar</system-err></testcase></testsuite><testsuite failures="2" id="31" name="/src/spring-boot-cassandra-0.0.1-SNAPSHOT.jar/BOOT-INF/lib/spring-boot-1.5.8.RELEASE.jar" package="spring-boot-cassandra-0.0.1-SNAPSHOT.jar: spring-boot-1.5.8.RELEASE.jar" skipped="0" tests="2" timestamp="2021-09-07T09:07:11.09062"><testcase classname="CVE-2017-8046" name="pkg:maven/org.springframework.boot/spring-boot@1.5.8.RELEASE"><failure message="cvssV3: CRITICAL, score: 9.8 (CVSS:3.0/AV:N/AC:L/PR:N/UI:N/S:U/C:H/I:H/A:H)"/><system-out>Malicious PATCH requests submitted to servers using Spring Data REST versions prior to 2.6.9 (Ingalls SR9), versions prior to 3.0.1 (Kay SR1) and Spring Boot versions prior to 1.5.9, 2.0 M6 can use specially crafted JSON data to run arbitrary Java code.</system-out><system-err>location: /src/spring-boot-cassandra-0.0.1-SNAPSHOT.jar/BOOT-INF/lib/spring-boot-1.5.8.RELEASE.jar</system-err></testcase><testcase classname="CVE-2018-1196" name="pkg:maven/org.springframework.boot/spring-boot@1.5.8.RELEASE"><failure message="cvssV3: MEDIUM, score: 5.9 (CVSS:3.0/AV:N/AC:H/PR:N/UI:N/S:U/C:N/I:H/A:N)"/><system-out>Spring Boot supports an embedded launch script that can be used to easily run the application as a systemd or init.d linux service. The script included with Spring Boot 1.5.9 and earlier and 2.0.0.M1 through 2.0.0.M7 is susceptible to a symlink attack which allows the &quot;run_user&quot; to overwrite and take ownership of any file on the same system. In order to instigate the attack, the application must be installed as a service and the &quot;run_user&quot; requires shell access to the server. Spring Boot application that are not installed as a service, or are not using the embedded launch script are not susceptible.</system-out><system-err>location: /src/spring-boot-cassandra-0.0.1-SNAPSHOT.jar/BOOT-INF/lib/spring-boot-1.5.8.RELEASE.jar</system-err></testcase></testsuite><testsuite failures="2" id="32" name="/src/spring-boot-cassandra-0.0.1-SNAPSHOT.jar/BOOT-INF/lib/spring-boot-starter-security-1.5.8.RELEASE.jar" package="spring-boot-cassandra-0.0.1-SNAPSHOT.jar: spring-boot-starter-security-1.5.8.RELEASE.jar" skipped="0" tests="2" timestamp="2021-09-07T09:07:11.09062"><testcase classname="CVE-2017-8046" name="pkg:maven/org.springframework.boot/spring-boot-starter-security@1.5.8.RELEASE"><failure message="cvssV3: CRITICAL, score: 9.8 (CVSS:3.0/AV:N/AC:L/PR:N/UI:N/S:U/C:H/I:H/A:H)"/><system-out>Malicious PATCH requests submitted to servers using Spring Data REST versions prior to 2.6.9 (Ingalls SR9), versions prior to 3.0.1 (Kay SR1) and Spring Boot versions prior to 1.5.9, 2.0 M6 can use specially crafted JSON data to run arbitrary Java code.</system-out><system-err>location: /src/spring-boot-cassandra-0.0.1-SNAPSHOT.jar/BOOT-INF/lib/spring-boot-starter-security-1.5.8.RELEASE.jar</system-err></testcase><testcase classname="CVE-2018-1196" name="pkg:maven/org.springframework.boot/spring-boot-starter-security@1.5.8.RELEASE"><failure message="cvssV3: MEDIUM, score: 5.9 (CVSS:3.0/AV:N/AC:H/PR:N/UI:N/S:U/C:N/I:H/A:N)"/><system-out>Spring Boot supports an embedded launch script that can be used to easily run the application as a systemd or init.d linux service. The script included with Spring Boot 1.5.9 and earlier and 2.0.0.M1 through 2.0.0.M7 is susceptible to a symlink attack which allows the &quot;run_user&quot; to overwrite and take ownership of any file on the same system. In order to instigate the attack, the application must be installed as a service and the &quot;run_user&quot; requires shell access to the server. Spring Boot application that are not installed as a service, or are not using the embedded launch script are not susceptible.</system-out><system-err>location: /src/spring-boot-cassandra-0.0.1-SNAPSHOT.jar/BOOT-INF/lib/spring-boot-starter-security-1.5.8.RELEASE.jar</system-err></testcase></testsuite><testsuite failures="10" id="33" name="/src/spring-boot-cassandra-0.0.1-SNAPSHOT.jar/BOOT-INF/lib/spring-core-4.3.12.RELEASE.jar" package="spring-boot-cassandra-0.0.1-SNAPSHOT.jar: spring-core-4.3.12.RELEASE.jar" skipped="0" tests="10" timestamp="2021-09-07T09:07:11.09062"><testcase classname="CVE-2018-11039" name="pkg:maven/org.springframework/spring-core@4.3.12.RELEASE"><failure message="cvssV3: MEDIUM, score: 5.9 (CVSS:3.0/AV:N/AC:H/PR:N/UI:N/S:U/C:H/I:N/A:N)"/><system-out>Spring Framework (versions 5.0.x prior to 5.0.7, versions 4.3.x prior to 4.3.18, and older unsupported versions) allow web applications to change the HTTP request method to any HTTP method (including TRACE) using the HiddenHttpMethodFilter in Spring MVC. If an application has a pre-existing XSS vulnerability, a malicious user (or attacker) can use this filter to escalate to an XST (Cross Site Tracing) attack.</system-out><system-err>location: /src/spring-boot-cassandra-0.0.1-SNAPSHOT.jar/BOOT-INF/lib/spring-core-4.3.12.RELEASE.jar</system-err></testcase><testcase classname="CVE-2018-11040" name="pkg:maven/org.springframework/spring-core@4.3.12.RELEASE"><failure message="cvssV3: MEDIUM, score: 5.9 (CVSS:3.0/AV:N/AC:H/PR:N/UI:N/S:U/C:H/I:N/A:N)"/><system-out>Spring Framework, versions 5.0.x prior to 5.0.7 and 4.3.x prior to 4.3.18 and older unsupported versions, allows web applications to enable cross-domain requests via JSONP (JSON with Padding) through AbstractJsonpResponseBodyAdvice for REST controllers and MappingJackson2JsonView for browser requests. Both are not enabled by default in Spring Framework nor Spring Boot, however, when MappingJackson2JsonView is configured in an application, JSONP support is automatically ready to use through the &quot;jsonp&quot; and &quot;callback&quot; JSONP parameters, enabling cross-domain requests.</system-out><system-err>location: /src/spring-boot-cassandra-0.0.1-SNAPSHOT.jar/BOOT-INF/lib/spring-core-4.3.12.RELEASE.jar</system-err></testcase><testcase classname="CVE-2018-1199" name="pkg:maven/org.springframework/spring-core@4.3.12.RELEASE"><failure message="cvssV3: MEDIUM, score: 5.3 (CVSS:3.0/AV:N/AC:L/PR:N/UI:N/S:U/C:L/I:N/A:N)"/><system-out>Spring Security (Spring Security 4.1.x before 4.1.5, 4.2.x before 4.2.4, and 5.0.x before 5.0.1; and Spring Framework 4.3.x before 4.3.14 and 5.0.x before 5.0.3) does not consider URL path parameters when processing security constraints. By adding a URL path parameter with special encodings, an attacker may be able to bypass a security constraint. The root cause of this issue is a lack of clarity regarding the handling of path parameters in the Servlet Specification. Some Servlet containers include path parameters in the value returned for getPathInfo() and some do not. Spring Security uses the value returned by getPathInfo() as part of the process of mapping requests to security constraints. In this particular attack, different character encodings used in path parameters allows secured Spring MVC static resource URLs to be bypassed.</system-out><system-err>location: /src/spring-boot-cassandra-0.0.1-SNAPSHOT.jar/BOOT-INF/lib/spring-core-4.3.12.RELEASE.jar</system-err></testcase><testcase classname="CVE-2018-1257" name="pkg:maven/org.springframework/spring-core@4.3.12.RELEASE"><failure message="cvssV3: MEDIUM, score: 6.5 (CVSS:3.0/AV:N/AC:L/PR:L/UI:N/S:U/C:N/I:N/A:H)"/><system-out>Spring Framework, versions 5.0.x prior to 5.0.6, versions 4.3.x prior to 4.3.17, and older unsupported versions allows applications to expose STOMP over WebSocket endpoints with a simple, in-memory STOMP broker through the spring-messaging module. A malicious user (or attacker) can craft a message to the broker that can lead to a regular expression, denial of service attack.</system-out><system-err>location: /src/spring-boot-cassandra-0.0.1-SNAPSHOT.jar/BOOT-INF/lib/spring-core-4.3.12.RELEASE.jar</system-err></testcase><testcase classname="CVE-2018-1270" name="pkg:maven/org.springframework/spring-core@4.3.12.RELEASE"><failure message="cvssV3: CRITICAL, score: 9.8 (CVSS:3.0/AV:N/AC:L/PR:N/UI:N/S:U/C:H/I:H/A:H)"/><system-out>Spring Framework, versions 5.0 prior to 5.0.5 and versions 4.3 prior to 4.3.15 and older unsupported versions, allow applications to expose STOMP over WebSocket endpoints with a simple, in-memory STOMP broker through the spring-messaging module. A malicious user (or attacker) can craft a message to the broker that can lead to a remote code execution attack.</system-out><system-err>location: /src/spring-boot-cassandra-0.0.1-SNAPSHOT.jar/BOOT-INF/lib/spring-core-4.3.12.RELEASE.jar</system-err></testcase><testcase classname="CVE-2018-1271" name="pkg:maven/org.springframework/spring-core@4.3.12.RELEASE"><failure message="cvssV3: MEDIUM, score: 5.9 (CVSS:3.0/AV:N/AC:H/PR:N/UI:N/S:U/C:H/I:N/A:N)"/><system-out>Spring Framework, versions 5.0 prior to 5.0.5 and versions 4.3 prior to 4.3.15 and older unsupported versions, allow applications to configure Spring MVC to serve static resources (e.g. CSS, JS, images). When static resources are served from a file system on Windows (as opposed to the classpath, or the ServletContext), a malicious user can send a request using a specially crafted URL that can lead a directory traversal attack.</system-out><system-err>location: /src/spring-boot-cassandra-0.0.1-SNAPSHOT.jar/BOOT-INF/lib/spring-core-4.3.12.RELEASE.jar</system-err></testcase><testcase classname="CVE-2018-1272" name="pkg:maven/org.springframework/spring-core@4.3.12.RELEASE"><failure message="cvssV3: HIGH, score: 7.5 (CVSS:3.0/AV:N/AC:H/PR:L/UI:N/S:U/C:H/I:H/A:H)"/><system-out>Spring Framework, versions 5.0 prior to 5.0.5 and versions 4.3 prior to 4.3.15 and older unsupported versions, provide client-side support for multipart requests. When Spring MVC or Spring WebFlux server application (server A) receives input from a remote client, and then uses that input to make a multipart request to another server (server B), it can be exposed to an attack, where an extra multipart is inserted in the content of the request from server A, causing server B to use the wrong value for a part it expects. This could to lead privilege escalation, for example, if the part content represents a username or user roles.</system-out><system-err>location: /src/spring-boot-cassandra-0.0.1-SNAPSHOT.jar/BOOT-INF/lib/spring-core-4.3.12.RELEASE.jar</system-err></testcase><testcase classname="CVE-2018-1275" name="pkg:maven/org.springframework/spring-core@4.3.12.RELEASE"><failure message="cvssV3: CRITICAL, score: 9.8 (CVSS:3.0/AV:N/AC:L/PR:N/UI:N/S:U/C:H/I:H/A:H)"/><system-out>Spring Framework, versions 5.0 prior to 5.0.5 and versions 4.3 prior to 4.3.16 and older unsupported versions, allow applications to expose STOMP over WebSocket endpoints with a simple, in-memory STOMP broker through the spring-messaging module. A malicious user (or attacker) can craft a message to the broker that can lead to a remote code execution attack. This CVE addresses the partial fix for CVE-2018-1270 in the 4.3.x branch of the Spring Framework.</system-out><system-err>location: /src/spring-boot-cassandra-0.0.1-SNAPSHOT.jar/BOOT-INF/lib/spring-core-4.3.12.RELEASE.jar</system-err></testcase><testcase classname="CVE-2018-15756" name="pkg:maven/org.springframework/spring-core@4.3.12.RELEASE"><failure message="cvssV3: HIGH, score: 7.5 (CVSS:3.0/AV:N/AC:L/PR:N/UI:N/S:U/C:N/I:N/A:H)"/><system-out>Spring Framework, version 5.1, versions 5.0.x prior to 5.0.10, versions 4.3.x prior to 4.3.20, and older unsupported versions on the 4.2.x branch provide support for range requests when serving static resources through the ResourceHttpRequestHandler, or starting in 5.0 when an annotated controller returns an org.springframework.core.io.Resource. A malicious user (or attacker) can add a range header with a high number of ranges, or with wide ranges that overlap, or both, for a denial of service attack. This vulnerability affects applications that depend on either spring-webmvc or spring-webflux. Such applications must also have a registration for serving static resources (e.g. JS, CSS, images, and others), or have an annotated controller that returns an org.springframework.core.io.Resource. Spring Boot applications that depend on spring-boot-starter-web or spring-boot-starter-webflux are ready to serve static resources out of the box and are therefore vulnerable.</system-out><system-err>location: /src/spring-boot-cassandra-0.0.1-SNAPSHOT.jar/BOOT-INF/lib/spring-core-4.3.12.RELEASE.jar</system-err></testcase><testcase classname="CVE-2020-5421" name="pkg:maven/org.springframework/spring-core@4.3.12.RELEASE"><failure message="cvssV3: MEDIUM, score: 6.5 (CVSS:3.1/AV:N/AC:H/PR:L/UI:R/S:C/C:L/I:H/A:N)"/><system-out>In Spring Framework versions 5.2.0 - 5.2.8, 5.1.0 - 5.1.17, 5.0.0 - 5.0.18, 4.3.0 - 4.3.28, and older unsupported versions, the protections against RFD attacks from CVE-2015-5211 may be bypassed depending on the browser used through the use of a jsessionid path parameter.</system-out><system-err>location: /src/spring-boot-cassandra-0.0.1-SNAPSHOT.jar/BOOT-INF/lib/spring-core-4.3.12.RELEASE.jar</system-err></testcase></testsuite><testsuite failures="0" id="34" name="/src/spring-boot-cassandra-0.0.1-SNAPSHOT.jar/BOOT-INF/lib/spring-cql-1.5.8.RELEASE.jar" package="spring-boot-cassandra-0.0.1-SNAPSHOT.jar: spring-cql-1.5.8.RELEASE.jar" skipped="0" tests="1" timestamp="2021-09-07T09:07:11.09062"><testcase classname="dependency-check" name="spring-boot-cassandra-0.0.1-SNAPSHOT.jar: spring-cql-1.5.8.RELEASE.jar"/></testsuite><testsuite failures="1" id="35" name="/src/spring-boot-cassandra-0.0.1-SNAPSHOT.jar/BOOT-INF/lib/spring-data-cassandra-1.5.8.RELEASE.jar" package="spring-boot-cassandra-0.0.1-SNAPSHOT.jar: spring-data-cassandra-1.5.8.RELEASE.jar" skipped="0" tests="1" timestamp="2021-09-07T09:07:11.09062"><testcase classname="CVE-2020-13946" name="pkg:maven/org.springframework.data/spring-data-cassandra@1.5.8.RELEASE"><failure message="cvssV3: MEDIUM, score: 5.9 (CVSS:3.1/AV:N/AC:H/PR:N/UI:N/S:U/C:H/I:N/A:N)"/><system-out>In Apache Cassandra, all versions prior to 2.1.22, 2.2.18, 3.0.22, 3.11.8 and 4.0-beta2, it is possible for a local attacker without access to the Apache Cassandra process or configuration files to manipulate the RMI registry to perform a man-in-the-middle attack and capture user names and passwords used to access the JMX interface. The attacker can then use these credentials to access the JMX interface and perform unauthorised operations. Users should also be aware of CVE-2019-2684, a JRE vulnerability that enables this issue to be exploited remotely.</system-out><system-err>location: /src/spring-boot-cassandra-0.0.1-SNAPSHOT.jar/BOOT-INF/lib/spring-data-cassandra-1.5.8.RELEASE.jar</system-err></testcase></testsuite><testsuite failures="3" id="36" name="/src/spring-boot-cassandra-0.0.1-SNAPSHOT.jar/BOOT-INF/lib/spring-data-commons-1.13.8.RELEASE.jar" package="spring-boot-cassandra-0.0.1-SNAPSHOT.jar: spring-data-commons-1.13.8.RELEASE.jar" skipped="0" tests="3" timestamp="2021-09-07T09:07:11.09062"><testcase classname="CVE-2018-1259" name="pkg:maven/org.springframework.data/spring-data-commons@1.13.8.RELEASE"><failure message="cvssV3: HIGH, score: 7.5 (CVSS:3.0/AV:N/AC:L/PR:N/UI:N/S:U/C:H/I:N/A:N)"/><system-out>Spring Data Commons, versions 1.13 prior to 1.13.12 and 2.0 prior to 2.0.7, used in combination with XMLBeam 1.4.14 or earlier versions, contains a property binder vulnerability caused by improper restriction of XML external entity references as underlying library XMLBeam does not restrict external reference expansion. An unauthenticated remote malicious user can supply specially crafted request parameters against Spring Data&apos;s projection-based request payload binding to access arbitrary files on the system.</system-out><system-err>location: /src/spring-boot-cassandra-0.0.1-SNAPSHOT.jar/BOOT-INF/lib/spring-data-commons-1.13.8.RELEASE.jar</system-err></testcase><testcase classname="CVE-2018-1273" name="pkg:maven/org.springframework.data/spring-data-commons@1.13.8.RELEASE"><failure message="cvssV3: CRITICAL, score: 9.8 (CVSS:3.0/AV:N/AC:L/PR:N/UI:N/S:U/C:H/I:H/A:H)"/><system-out>Spring Data Commons, versions prior to 1.13 to 1.13.10, 2.0 to 2.0.5, and older unsupported versions, contain a property binder vulnerability caused by improper neutralization of special elements. An unauthenticated remote malicious user (or attacker) can supply specially crafted request parameters against Spring Data REST backed HTTP resources or using Spring Data&apos;s projection-based request payload binding hat can lead to a remote code execution attack.</system-out><system-err>location: /src/spring-boot-cassandra-0.0.1-SNAPSHOT.jar/BOOT-INF/lib/spring-data-commons-1.13.8.RELEASE.jar</system-err></testcase><testcase classname="CVE-2018-1274" name="pkg:maven/org.springframework.data/spring-data-commons@1.13.8.RELEASE"><failure message="cvssV3: HIGH, score: 7.5 (CVSS:3.0/AV:N/AC:L/PR:N/UI:N/S:U/C:N/I:N/A:H)"/><system-out>Spring Data Commons, versions 1.13 to 1.13.10, 2.0 to 2.0.5, and older unsupported versions, contain a property path parser vulnerability caused by unlimited resource allocation. An unauthenticated remote malicious user (or attacker) can issue requests against Spring Data REST endpoints or endpoints using property path parsing which can cause a denial of service (CPU and memory consumption).</system-out><system-err>location: /src/spring-boot-cassandra-0.0.1-SNAPSHOT.jar/BOOT-INF/lib/spring-data-commons-1.13.8.RELEASE.jar</system-err></testcase></testsuite><testsuite failures="6" id="37" name="/src/spring-boot-cassandra-0.0.1-SNAPSHOT.jar/BOOT-INF/lib/spring-security-core-4.2.3.RELEASE.jar" package="spring-boot-cassandra-0.0.1-SNAPSHOT.jar: spring-security-core-4.2.3.RELEASE.jar" skipped="0" tests="6" timestamp="2021-09-07T09:07:11.09062"><testcase classname="BREACH attack possible in CSRF tokens" name="pkg:maven/org.springframework.security/spring-security-core@4.2.3.RELEASE"><failure message="unscored severity: Unknown"/><system-out>&gt; The CSRF tokens generated by Spring are vulnerable to a BREACH attack.
&gt; 
&gt; ...
&gt; 
&gt; This only occurs when you turn on CSRF protection in Spring and also have HTTP compression enabled somewhere in your web server stack.
&gt; 
&gt; -- [github.com](https://github.com/spring-projects/spring-security/issues/4001)</system-out><system-err>location: /src/spring-boot-cassandra-0.0.1-SNAPSHOT.jar/BOOT-INF/lib/spring-security-core-4.2.3.RELEASE.jar</system-err></testcase><testcase classname="CVE-2018-1199" name="pkg:maven/org.springframework.security/spring-security-core@4.2.3.RELEASE"><failure message="cvssV3: MEDIUM, score: 5.3 (CVSS:3.0/AV:N/AC:L/PR:N/UI:N/S:U/C:L/I:N/A:N)"/><system-out>Spring Security (Spring Security 4.1.x before 4.1.5, 4.2.x before 4.2.4, and 5.0.x before 5.0.1; and Spring Framework 4.3.x before 4.3.14 and 5.0.x before 5.0.3) does not consider URL path parameters when processing security constraints. By adding a URL path parameter with special encodings, an attacker may be able to bypass a security constraint. The root cause of this issue is a lack of clarity regarding the handling of path parameters in the Servlet Specification. Some Servlet containers include path parameters in the value returned for getPathInfo() and some do not. Spring Security uses the value returned by getPathInfo() as part of the process of mapping requests to security constraints. In this particular attack, different character encodings used in path parameters allows secured Spring MVC static resource URLs to be bypassed.</system-out><system-err>location: /src/spring-boot-cassandra-0.0.1-SNAPSHOT.jar/BOOT-INF/lib/spring-security-core-4.2.3.RELEASE.jar</system-err></testcase><testcase classname="CVE-2019-11272" name="pkg:maven/org.springframework.security/spring-security-core@4.2.3.RELEASE"><failure message="cvssV3: HIGH, score: 7.3 (CVSS:3.1/AV:N/AC:L/PR:N/UI:N/S:U/C:L/I:L/A:L)"/><system-out>Spring Security, versions 4.2.x up to 4.2.12, and older unsupported versions support plain text passwords using PlaintextPasswordEncoder. If an application using an affected version of Spring Security is leveraging PlaintextPasswordEncoder and a user has a null encoded password, a malicious user (or attacker) can authenticate using a password of &quot;null&quot;.</system-out><system-err>location: /src/spring-boot-cassandra-0.0.1-SNAPSHOT.jar/BOOT-INF/lib/spring-security-core-4.2.3.RELEASE.jar</system-err></testcase><testcase classname="CVE-2019-3795" name="pkg:maven/org.springframework.security/spring-security-core@4.2.3.RELEASE"><failure message="cvssV3: MEDIUM, score: 5.3 (CVSS:3.0/AV:N/AC:L/PR:N/UI:N/S:U/C:L/I:N/A:N)"/><system-out>Spring Security versions 4.2.x prior to 4.2.12, 5.0.x prior to 5.0.12, and 5.1.x prior to 5.1.5 contain an insecure randomness vulnerability when using SecureRandomFactoryBean#setSeed to configure a SecureRandom instance. In order to be impacted, an honest application must provide a seed and make the resulting random material available to an attacker for inspection.</system-out><system-err>location: /src/spring-boot-cassandra-0.0.1-SNAPSHOT.jar/BOOT-INF/lib/spring-security-core-4.2.3.RELEASE.jar</system-err></testcase><testcase classname="CVE-2020-5408" name="pkg:maven/org.springframework.security/spring-security-core@4.2.3.RELEASE"><failure message="cvssV3: MEDIUM, score: 6.5 (CVSS:3.1/AV:N/AC:L/PR:L/UI:N/S:U/C:H/I:N/A:N)"/><system-out>Spring Security versions 5.3.x prior to 5.3.2, 5.2.x prior to 5.2.4, 5.1.x prior to 5.1.10, 5.0.x prior to 5.0.16 and 4.2.x prior to 4.2.16 use a fixed null initialization vector with CBC Mode in the implementation of the queryable text encryptor. A malicious user with access to the data that has been encrypted using such an encryptor may be able to derive the unencrypted values using a dictionary attack.</system-out><system-err>location: /src/spring-boot-cassandra-0.0.1-SNAPSHOT.jar/BOOT-INF/lib/spring-security-core-4.2.3.RELEASE.jar</system-err></testcase><testcase classname="CVE-2021-22112" name="pkg:maven/org.springframework.security/spring-security-core@4.2.3.RELEASE"><failure message="cvssV3: HIGH, score: 8.8 (CVSS:3.1/AV:N/AC:L/PR:L/UI:N/S:U/C:H/I:H/A:H)"/><system-out>Spring Security 5.4.x prior to 5.4.4, 5.3.x prior to 5.3.8.RELEASE, 5.2.x prior to 5.2.9.RELEASE, and older unsupported versions can fail to save the SecurityContext if it is changed more than once in a single request.A malicious user cannot cause the bug to happen (it must be programmed in). However, if the application&apos;s intent is to only allow the user to run with elevated privileges in a small portion of the application, the bug can be leveraged to extend those privileges to the rest of the application.</system-out><system-err>location: /src/spring-boot-cassandra-0.0.1-SNAPSHOT.jar/BOOT-INF/lib/spring-security-core-4.2.3.RELEASE.jar</system-err></testcase></testsuite><testsuite failures="5" id="38" name="/src/spring-boot-cassandra-0.0.1-SNAPSHOT.jar/BOOT-INF/lib/spring-security-web-4.2.3.RELEASE.jar" package="spring-boot-cassandra-0.0.1-SNAPSHOT.jar: spring-security-web-4.2.3.RELEASE.jar" skipped="0" tests="5" timestamp="2021-09-07T09:07:11.09062"><testcase classname="CVE-2018-1199" name="pkg:maven/org.springframework.security/spring-security-web@4.2.3.RELEASE"><failure message="cvssV3: MEDIUM, score: 5.3 (CVSS:3.0/AV:N/AC:L/PR:N/UI:N/S:U/C:L/I:N/A:N)"/><system-out>Spring Security (Spring Security 4.1.x before 4.1.5, 4.2.x before 4.2.4, and 5.0.x before 5.0.1; and Spring Framework 4.3.x before 4.3.14 and 5.0.x before 5.0.3) does not consider URL path parameters when processing security constraints. By adding a URL path parameter with special encodings, an attacker may be able to bypass a security constraint. The root cause of this issue is a lack of clarity regarding the handling of path parameters in the Servlet Specification. Some Servlet containers include path parameters in the value returned for getPathInfo() and some do not. Spring Security uses the value returned by getPathInfo() as part of the process of mapping requests to security constraints. In this particular attack, different character encodings used in path parameters allows secured Spring MVC static resource URLs to be bypassed.</system-out><system-err>location: /src/spring-boot-cassandra-0.0.1-SNAPSHOT.jar/BOOT-INF/lib/spring-security-web-4.2.3.RELEASE.jar</system-err></testcase><testcase classname="CVE-2019-11272" name="pkg:maven/org.springframework.security/spring-security-web@4.2.3.RELEASE"><failure message="cvssV3: HIGH, score: 7.3 (CVSS:3.1/AV:N/AC:L/PR:N/UI:N/S:U/C:L/I:L/A:L)"/><system-out>Spring Security, versions 4.2.x up to 4.2.12, and older unsupported versions support plain text passwords using PlaintextPasswordEncoder. If an application using an affected version of Spring Security is leveraging PlaintextPasswordEncoder and a user has a null encoded password, a malicious user (or attacker) can authenticate using a password of &quot;null&quot;.</system-out><system-err>location: /src/spring-boot-cassandra-0.0.1-SNAPSHOT.jar/BOOT-INF/lib/spring-security-web-4.2.3.RELEASE.jar</system-err></testcase><testcase classname="CVE-2019-3795" name="pkg:maven/org.springframework.security/spring-security-web@4.2.3.RELEASE"><failure message="cvssV3: MEDIUM, score: 5.3 (CVSS:3.0/AV:N/AC:L/PR:N/UI:N/S:U/C:L/I:N/A:N)"/><system-out>Spring Security versions 4.2.x prior to 4.2.12, 5.0.x prior to 5.0.12, and 5.1.x prior to 5.1.5 contain an insecure randomness vulnerability when using SecureRandomFactoryBean#setSeed to configure a SecureRandom instance. In order to be impacted, an honest application must provide a seed and make the resulting random material available to an attacker for inspection.</system-out><system-err>location: /src/spring-boot-cassandra-0.0.1-SNAPSHOT.jar/BOOT-INF/lib/spring-security-web-4.2.3.RELEASE.jar</system-err></testcase><testcase classname="CVE-2020-5408" name="pkg:maven/org.springframework.security/spring-security-web@4.2.3.RELEASE"><failure message="cvssV3: MEDIUM, score: 6.5 (CVSS:3.1/AV:N/AC:L/PR:L/UI:N/S:U/C:H/I:N/A:N)"/><system-out>Spring Security versions 5.3.x prior to 5.3.2, 5.2.x prior to 5.2.4, 5.1.x prior to 5.1.10, 5.0.x prior to 5.0.16 and 4.2.x prior to 4.2.16 use a fixed null initialization vector with CBC Mode in the implementation of the queryable text encryptor. A malicious user with access to the data that has been encrypted using such an encryptor may be able to derive the unencrypted values using a dictionary attack.</system-out><system-err>location: /src/spring-boot-cassandra-0.0.1-SNAPSHOT.jar/BOOT-INF/lib/spring-security-web-4.2.3.RELEASE.jar</system-err></testcase><testcase classname="CVE-2021-22112" name="pkg:maven/org.springframework.security/spring-security-web@4.2.3.RELEASE"><failure message="cvssV3: HIGH, score: 8.8 (CVSS:3.1/AV:N/AC:L/PR:L/UI:N/S:U/C:H/I:H/A:H)"/><system-out>Spring Security 5.4.x prior to 5.4.4, 5.3.x prior to 5.3.8.RELEASE, 5.2.x prior to 5.2.9.RELEASE, and older unsupported versions can fail to save the SecurityContext if it is changed more than once in a single request.A malicious user cannot cause the bug to happen (it must be programmed in). However, if the application&apos;s intent is to only allow the user to run with elevated privileges in a small portion of the application, the bug can be leveraged to extend those privileges to the rest of the application.</system-out><system-err>location: /src/spring-boot-cassandra-0.0.1-SNAPSHOT.jar/BOOT-INF/lib/spring-security-web-4.2.3.RELEASE.jar</system-err></testcase></testsuite><testsuite failures="10" id="39" name="/src/spring-boot-cassandra-0.0.1-SNAPSHOT.jar/BOOT-INF/lib/spring-tx-4.3.12.RELEASE.jar" package="spring-boot-cassandra-0.0.1-SNAPSHOT.jar: spring-tx-4.3.12.RELEASE.jar" skipped="0" tests="10" timestamp="2021-09-07T09:07:11.09062"><testcase classname="CVE-2018-11039" name="pkg:maven/org.springframework/spring-tx@4.3.12.RELEASE"><failure message="cvssV3: MEDIUM, score: 5.9 (CVSS:3.0/AV:N/AC:H/PR:N/UI:N/S:U/C:H/I:N/A:N)"/><system-out>Spring Framework (versions 5.0.x prior to 5.0.7, versions 4.3.x prior to 4.3.18, and older unsupported versions) allow web applications to change the HTTP request method to any HTTP method (including TRACE) using the HiddenHttpMethodFilter in Spring MVC. If an application 
[...]
he container triggered the async timeout, a race condition existed that could result in a user seeing a response intended for a different user. An additional issue was present in the NIO and NIO2 connectors that did not correctly track the closure of the connection when an async request was completed by the application and timed out by the container at the same time. This could also result in a user seeing a response intended for another user. Versions Affected: Apache Tomcat 9.0.0.M9 to 9.0.9 and 8.5.5 to 8.5.31.</system-out><system-err>location: /src/spring-boot-cassandra-0.0.1-SNAPSHOT.jar/BOOT-INF/lib/tomcat-embed-websocket-8.5.23.jar</system-err></testcase><testcase classname="CVE-2019-0199" name="pkg:maven/org.apache.tomcat.embed/tomcat-embed-websocket@8.5.23"><failure message="cvssV3: HIGH, score: 7.5 (CVSS:3.0/AV:N/AC:L/PR:N/UI:N/S:U/C:N/I:N/A:H)"/><system-out>The HTTP/2 implementation in Apache Tomcat 9.0.0.M1 to 9.0.14 and 8.5.0 to 8.5.37 accepted streams with excessive numbers of SETTINGS frames and also permitted clients to keep streams open without reading/writing request/response data. By keeping streams open for requests that utilised the Servlet API&apos;s blocking I/O, clients were able to cause server-side threads to block eventually leading to thread exhaustion and a DoS.</system-out><system-err>location: /src/spring-boot-cassandra-0.0.1-SNAPSHOT.jar/BOOT-INF/lib/tomcat-embed-websocket-8.5.23.jar</system-err></testcase><testcase classname="CVE-2019-0221" name="pkg:maven/org.apache.tomcat.embed/tomcat-embed-websocket@8.5.23"><failure message="cvssV3: MEDIUM, score: 6.1 (CVSS:3.0/AV:N/AC:L/PR:N/UI:R/S:C/C:L/I:L/A:N)"/><system-out>The SSI printenv command in Apache Tomcat 9.0.0.M1 to 9.0.0.17, 8.5.0 to 8.5.39 and 7.0.0 to 7.0.93 echoes user provided data without escaping and is, therefore, vulnerable to XSS. SSI is disabled by default. The printenv command is intended for debugging and is unlikely to be present in a production website.</system-out><system-err>location: /src/spring-boot-cassandra-0.0.1-SNAPSHOT.jar/BOOT-INF/lib/tomcat-embed-websocket-8.5.23.jar</system-err></testcase><testcase classname="CVE-2019-0232" name="pkg:maven/org.apache.tomcat.embed/tomcat-embed-websocket@8.5.23"><failure message="cvssV3: HIGH, score: 8.1 (CVSS:3.0/AV:N/AC:H/PR:N/UI:N/S:U/C:H/I:H/A:H)"/><system-out>When running on Windows with enableCmdLineArguments enabled, the CGI Servlet in Apache Tomcat 9.0.0.M1 to 9.0.17, 8.5.0 to 8.5.39 and 7.0.0 to 7.0.93 is vulnerable to Remote Code Execution due to a bug in the way the JRE passes command line arguments to Windows. The CGI Servlet is disabled by default. The CGI option enableCmdLineArguments is disable by default in Tomcat 9.0.x (and will be disabled by default in all versions in response to this vulnerability). For a detailed explanation of the JRE behaviour, see Markus Wulftange&apos;s blog (https://codewhitesec.blogspot.com/2016/02/java-and-command-line-injections-in-windows.html) and this archived MSDN blog (https://web.archive.org/web/20161228144344/https://blogs.msdn.microsoft.com/twistylittlepassagesallalike/2011/04/23/everyone-quotes-command-line-arguments-the-wrong-way/).</system-out><system-err>location: /src/spring-boot-cassandra-0.0.1-SNAPSHOT.jar/BOOT-INF/lib/tomcat-embed-websocket-8.5.23.jar</system-err></testcase><testcase classname="CVE-2019-10072" name="pkg:maven/org.apache.tomcat.embed/tomcat-embed-websocket@8.5.23"><failure message="cvssV3: HIGH, score: 7.5 (CVSS:3.0/AV:N/AC:L/PR:N/UI:N/S:U/C:N/I:N/A:H)"/><system-out>The fix for CVE-2019-0199 was incomplete and did not address HTTP/2 connection window exhaustion on write in Apache Tomcat versions 9.0.0.M1 to 9.0.19 and 8.5.0 to 8.5.40 . By not sending WINDOW_UPDATE messages for the connection window (stream 0) clients were able to cause server-side threads to block eventually leading to thread exhaustion and a DoS.</system-out><system-err>location: /src/spring-boot-cassandra-0.0.1-SNAPSHOT.jar/BOOT-INF/lib/tomcat-embed-websocket-8.5.23.jar</system-err></testcase><testcase classname="CVE-2019-12418" name="pkg:maven/org.apache.tomcat.embed/tomcat-embed-websocket@8.5.23"><failure message="cvssV3: HIGH, score: 7.0 (CVSS:3.1/AV:L/AC:H/PR:L/UI:N/S:U/C:H/I:H/A:H)"/><system-out>When Apache Tomcat 9.0.0.M1 to 9.0.28, 8.5.0 to 8.5.47, 7.0.0 and 7.0.97 is configured with the JMX Remote Lifecycle Listener, a local attacker without access to the Tomcat process or configuration files is able to manipulate the RMI registry to perform a man-in-the-middle attack to capture user names and passwords used to access the JMX interface. The attacker can then use these credentials to access the JMX interface and gain complete control over the Tomcat instance.</system-out><system-err>location: /src/spring-boot-cassandra-0.0.1-SNAPSHOT.jar/BOOT-INF/lib/tomcat-embed-websocket-8.5.23.jar</system-err></testcase><testcase classname="CVE-2019-17563" name="pkg:maven/org.apache.tomcat.embed/tomcat-embed-websocket@8.5.23"><failure message="cvssV3: HIGH, score: 7.5 (CVSS:3.1/AV:N/AC:H/PR:N/UI:R/S:U/C:H/I:H/A:H)"/><system-out>When using FORM authentication with Apache Tomcat 9.0.0.M1 to 9.0.29, 8.5.0 to 8.5.49 and 7.0.0 to 7.0.98 there was a narrow window where an attacker could perform a session fixation attack. The window was considered too narrow for an exploit to be practical but, erring on the side of caution, this issue has been treated as a security vulnerability.</system-out><system-err>location: /src/spring-boot-cassandra-0.0.1-SNAPSHOT.jar/BOOT-INF/lib/tomcat-embed-websocket-8.5.23.jar</system-err></testcase><testcase classname="CVE-2020-11996" name="pkg:maven/org.apache.tomcat.embed/tomcat-embed-websocket@8.5.23"><failure message="cvssV3: HIGH, score: 7.5 (CVSS:3.1/AV:N/AC:L/PR:N/UI:N/S:U/C:N/I:N/A:H)"/><system-out>A specially crafted sequence of HTTP/2 requests sent to Apache Tomcat 10.0.0-M1 to 10.0.0-M5, 9.0.0.M1 to 9.0.35 and 8.5.0 to 8.5.55 could trigger high CPU usage for several seconds. If a sufficient number of such requests were made on concurrent HTTP/2 connections, the server could become unresponsive.</system-out><system-err>location: /src/spring-boot-cassandra-0.0.1-SNAPSHOT.jar/BOOT-INF/lib/tomcat-embed-websocket-8.5.23.jar</system-err></testcase><testcase classname="CVE-2020-13934" name="pkg:maven/org.apache.tomcat.embed/tomcat-embed-websocket@8.5.23"><failure message="cvssV3: HIGH, score: 7.5 (CVSS:3.1/AV:N/AC:L/PR:N/UI:N/S:U/C:N/I:N/A:H)"/><system-out>An h2c direct connection to Apache Tomcat 10.0.0-M1 to 10.0.0-M6, 9.0.0.M5 to 9.0.36 and 8.5.1 to 8.5.56 did not release the HTTP/1.1 processor after the upgrade to HTTP/2. If a sufficient number of such requests were made, an OutOfMemoryException could occur leading to a denial of service.</system-out><system-err>location: /src/spring-boot-cassandra-0.0.1-SNAPSHOT.jar/BOOT-INF/lib/tomcat-embed-websocket-8.5.23.jar</system-err></testcase><testcase classname="CVE-2020-13935" name="pkg:maven/org.apache.tomcat.embed/tomcat-embed-websocket@8.5.23"><failure message="cvssV3: HIGH, score: 7.5 (CVSS:3.1/AV:N/AC:L/PR:N/UI:N/S:U/C:N/I:N/A:H)"/><system-out>The payload length in a WebSocket frame was not correctly validated in Apache Tomcat 10.0.0-M1 to 10.0.0-M6, 9.0.0.M1 to 9.0.36, 8.5.0 to 8.5.56 and 7.0.27 to 7.0.104. Invalid payload lengths could trigger an infinite loop. Multiple requests with invalid payload lengths could lead to a denial of service.</system-out><system-err>location: /src/spring-boot-cassandra-0.0.1-SNAPSHOT.jar/BOOT-INF/lib/tomcat-embed-websocket-8.5.23.jar</system-err></testcase><testcase classname="CVE-2020-13943" name="pkg:maven/org.apache.tomcat.embed/tomcat-embed-websocket@8.5.23"><failure message="cvssV3: MEDIUM, score: 4.3 (CVSS:3.1/AV:N/AC:L/PR:L/UI:N/S:U/C:L/I:N/A:N)"/><system-out>If an HTTP/2 client connecting to Apache Tomcat 10.0.0-M1 to 10.0.0-M7, 9.0.0.M1 to 9.0.37 or 8.5.0 to 8.5.57 exceeded the agreed maximum number of concurrent streams for a connection (in violation of the HTTP/2 protocol), it was possible that a subsequent request made on that connection could contain HTTP headers - including HTTP/2 pseudo headers - from a previous request rather than the intended headers. This could lead to users seeing responses for unexpected resources.</system-out><system-err>location: /src/spring-boot-cassandra-0.0.1-SNAPSHOT.jar/BOOT-INF/lib/tomcat-embed-websocket-8.5.23.jar</system-err></testcase><testcase classname="CVE-2020-17527" name="pkg:maven/org.apache.tomcat.embed/tomcat-embed-websocket@8.5.23"><failure message="cvssV3: HIGH, score: 7.5 (CVSS:3.1/AV:N/AC:L/PR:N/UI:N/S:U/C:H/I:N/A:N)"/><system-out>While investigating bug 64830 it was discovered that Apache Tomcat 10.0.0-M1 to 10.0.0-M9, 9.0.0-M1 to 9.0.39 and 8.5.0 to 8.5.59 could re-use an HTTP request header value from the previous stream received on an HTTP/2 connection for the request associated with the subsequent stream. While this would most likely lead to an error and the closure of the HTTP/2 connection, it is possible that information could leak between requests.</system-out><system-err>location: /src/spring-boot-cassandra-0.0.1-SNAPSHOT.jar/BOOT-INF/lib/tomcat-embed-websocket-8.5.23.jar</system-err></testcase><testcase classname="CVE-2020-1935" name="pkg:maven/org.apache.tomcat.embed/tomcat-embed-websocket@8.5.23"><failure message="cvssV3: MEDIUM, score: 4.8 (CVSS:3.1/AV:N/AC:H/PR:N/UI:N/S:U/C:L/I:L/A:N)"/><system-out>In Apache Tomcat 9.0.0.M1 to 9.0.30, 8.5.0 to 8.5.50 and 7.0.0 to 7.0.99 the HTTP header parsing code used an approach to end-of-line parsing that allowed some invalid HTTP headers to be parsed as valid. This led to a possibility of HTTP Request Smuggling if Tomcat was located behind a reverse proxy that incorrectly handled the invalid Transfer-Encoding header in a particular manner. Such a reverse proxy is considered unlikely.</system-out><system-err>location: /src/spring-boot-cassandra-0.0.1-SNAPSHOT.jar/BOOT-INF/lib/tomcat-embed-websocket-8.5.23.jar</system-err></testcase><testcase classname="CVE-2020-1938" name="pkg:maven/org.apache.tomcat.embed/tomcat-embed-websocket@8.5.23"><failure message="cvssV3: CRITICAL, score: 9.8 (CVSS:3.1/AV:N/AC:L/PR:N/UI:N/S:U/C:H/I:H/A:H)"/><system-out>When using the Apache JServ Protocol (AJP), care must be taken when trusting incoming connections to Apache Tomcat. Tomcat treats AJP connections as having higher trust than, for example, a similar HTTP connection. If such connections are available to an attacker, they can be exploited in ways that may be surprising. In Apache Tomcat 9.0.0.M1 to 9.0.0.30, 8.5.0 to 8.5.50 and 7.0.0 to 7.0.99, Tomcat shipped with an AJP Connector enabled by default that listened on all configured IP addresses. It was expected (and recommended in the security guide) that this Connector would be disabled if not required. This vulnerability report identified a mechanism that allowed: - returning arbitrary files from anywhere in the web application - processing any file in the web application as a JSP Further, if the web application allowed file upload and stored those files within the web application (or the attacker was able to control the content of the web application by some other means) then this, along with the ability to process a file as a JSP, made remote code execution possible. It is important to note that mitigation is only required if an AJP port is accessible to untrusted users. Users wishing to take a defence-in-depth approach and block the vector that permits returning arbitrary files and execution as JSP may upgrade to Apache Tomcat 9.0.31, 8.5.51 or 7.0.100 or later. A number of changes were made to the default AJP Connector configuration in 9.0.31 to harden the default configuration. It is likely that users upgrading to 9.0.31, 8.5.51 or 7.0.100 or later will need to make small changes to their configurations.</system-out><system-err>location: /src/spring-boot-cassandra-0.0.1-SNAPSHOT.jar/BOOT-INF/lib/tomcat-embed-websocket-8.5.23.jar</system-err></testcase><testcase classname="CVE-2020-8022" name="pkg:maven/org.apache.tomcat.embed/tomcat-embed-websocket@8.5.23"><failure message="cvssV3: HIGH, score: 7.8 (CVSS:3.1/AV:L/AC:L/PR:L/UI:N/S:U/C:H/I:H/A:H)"/><system-out>A Incorrect Default Permissions vulnerability in the packaging of tomcat on SUSE Enterprise Storage 5, SUSE Linux Enterprise Server 12-SP2-BCL, SUSE Linux Enterprise Server 12-SP2-LTSS, SUSE Linux Enterprise Server 12-SP3-BCL, SUSE Linux Enterprise Server 12-SP3-LTSS, SUSE Linux Enterprise Server 12-SP4, SUSE Linux Enterprise Server 12-SP5, SUSE Linux Enterprise Server 15-LTSS, SUSE Linux Enterprise Server for SAP 12-SP2, SUSE Linux Enterprise Server for SAP 12-SP3, SUSE Linux Enterprise Server for SAP 15, SUSE OpenStack Cloud 7, SUSE OpenStack Cloud 8, SUSE OpenStack Cloud Crowbar 8 allows local attackers to escalate from group tomcat to root. This issue affects: SUSE Enterprise Storage 5 tomcat versions prior to 8.0.53-29.32.1. SUSE Linux Enterprise Server 12-SP2-BCL tomcat versions prior to 8.0.53-29.32.1. SUSE Linux Enterprise Server 12-SP2-LTSS tomcat versions prior to 8.0.53-29.32.1. SUSE Linux Enterprise Server 12-SP3-BCL tomcat versions prior to 8.0.53-29.32.1. SUSE Linux Enterprise Server 12-SP3-LTSS tomcat versions prior to 8.0.53-29.32.1. SUSE Linux Enterprise Server 12-SP4 tomcat versions prior to 9.0.35-3.39.1. SUSE Linux Enterprise Server 12-SP5 tomcat versions prior to 9.0.35-3.39.1. SUSE Linux Enterprise Server 15-LTSS tomcat versions prior to 9.0.35-3.57.3. SUSE Linux Enterprise Server for SAP 12-SP2 tomcat versions prior to 8.0.53-29.32.1. SUSE Linux Enterprise Server for SAP 12-SP3 tomcat versions prior to 8.0.53-29.32.1. SUSE Linux Enterprise Server for SAP 15 tomcat versions prior to 9.0.35-3.57.3. SUSE OpenStack Cloud 7 tomcat versions prior to 8.0.53-29.32.1. SUSE OpenStack Cloud 8 tomcat versions prior to 8.0.53-29.32.1. SUSE OpenStack Cloud Crowbar 8 tomcat versions prior to 8.0.53-29.32.1.</system-out><system-err>location: /src/spring-boot-cassandra-0.0.1-SNAPSHOT.jar/BOOT-INF/lib/tomcat-embed-websocket-8.5.23.jar</system-err></testcase><testcase classname="CVE-2020-9484" name="pkg:maven/org.apache.tomcat.embed/tomcat-embed-websocket@8.5.23"><failure message="cvssV3: HIGH, score: 7.0 (CVSS:3.1/AV:L/AC:H/PR:L/UI:N/S:U/C:H/I:H/A:H)"/><system-out>When using Apache Tomcat versions 10.0.0-M1 to 10.0.0-M4, 9.0.0.M1 to 9.0.34, 8.5.0 to 8.5.54 and 7.0.0 to 7.0.103 if a) an attacker is able to control the contents and name of a file on the server; and b) the server is configured to use the PersistenceManager with a FileStore; and c) the PersistenceManager is configured with sessionAttributeValueClassNameFilter=&quot;null&quot; (the default unless a SecurityManager is used) or a sufficiently lax filter to allow the attacker provided object to be deserialized; and d) the attacker knows the relative file path from the storage location used by FileStore to the file the attacker has control over; then, using a specifically crafted request, the attacker will be able to trigger remote code execution via deserialization of the file under their control. Note that all of conditions a) to d) must be true for the attack to succeed.</system-out><system-err>location: /src/spring-boot-cassandra-0.0.1-SNAPSHOT.jar/BOOT-INF/lib/tomcat-embed-websocket-8.5.23.jar</system-err></testcase><testcase classname="CVE-2021-24122" name="pkg:maven/org.apache.tomcat.embed/tomcat-embed-websocket@8.5.23"><failure message="cvssV3: MEDIUM, score: 5.9 (CVSS:3.1/AV:N/AC:H/PR:N/UI:N/S:U/C:H/I:N/A:N)"/><system-out>When serving resources from a network location using the NTFS file system, Apache Tomcat versions 10.0.0-M1 to 10.0.0-M9, 9.0.0.M1 to 9.0.39, 8.5.0 to 8.5.59 and 7.0.0 to 7.0.106 were susceptible to JSP source code disclosure in some configurations. The root cause was the unexpected behaviour of the JRE API File.getCanonicalPath() which in turn was caused by the inconsistent behaviour of the Windows API (FindFirstFileW) in some circumstances.</system-out><system-err>location: /src/spring-boot-cassandra-0.0.1-SNAPSHOT.jar/BOOT-INF/lib/tomcat-embed-websocket-8.5.23.jar</system-err></testcase><testcase classname="CVE-2021-25122" name="pkg:maven/org.apache.tomcat.embed/tomcat-embed-websocket@8.5.23"><failure message="cvssV3: HIGH, score: 7.5 (CVSS:3.1/AV:N/AC:L/PR:N/UI:N/S:U/C:H/I:N/A:N)"/><system-out>When responding to new h2c connection requests, Apache Tomcat versions 10.0.0-M1 to 10.0.0, 9.0.0.M1 to 9.0.41 and 8.5.0 to 8.5.61 could duplicate request headers and a limited amount of request body from one request to another meaning user A and user B could both see the results of user A&apos;s request.</system-out><system-err>location: /src/spring-boot-cassandra-0.0.1-SNAPSHOT.jar/BOOT-INF/lib/tomcat-embed-websocket-8.5.23.jar</system-err></testcase><testcase classname="CVE-2021-25329" name="pkg:maven/org.apache.tomcat.embed/tomcat-embed-websocket@8.5.23"><failure message="cvssV3: HIGH, score: 7.0 (CVSS:3.1/AV:L/AC:H/PR:L/UI:N/S:U/C:H/I:H/A:H)"/><system-out>The fix for CVE-2020-9484 was incomplete. When using Apache Tomcat 10.0.0-M1 to 10.0.0, 9.0.0.M1 to 9.0.41, 8.5.0 to 8.5.61 or 7.0.0. to 7.0.107 with a configuration edge case that was highly unlikely to be used, the Tomcat instance was still vulnerable to CVE-2020-9494. Note that both the previously published prerequisites for CVE-2020-9484 and the previously published mitigations for CVE-2020-9484 also apply to this issue.</system-out><system-err>location: /src/spring-boot-cassandra-0.0.1-SNAPSHOT.jar/BOOT-INF/lib/tomcat-embed-websocket-8.5.23.jar</system-err></testcase><testcase classname="CVE-2021-30640" name="pkg:maven/org.apache.tomcat.embed/tomcat-embed-websocket@8.5.23"><failure message="cvssV3: MEDIUM, score: 6.5 (CVSS:3.1/AV:N/AC:H/PR:N/UI:N/S:U/C:L/I:H/A:N)"/><system-out>A vulnerability in the JNDI Realm of Apache Tomcat allows an attacker to authenticate using variations of a valid user name and/or to bypass some of the protection provided by the LockOut Realm. This issue affects Apache Tomcat 10.0.0-M1 to 10.0.5; 9.0.0.M1 to 9.0.45; 8.5.0 to 8.5.65.</system-out><system-err>location: /src/spring-boot-cassandra-0.0.1-SNAPSHOT.jar/BOOT-INF/lib/tomcat-embed-websocket-8.5.23.jar</system-err></testcase><testcase classname="CVE-2021-33037" name="pkg:maven/org.apache.tomcat.embed/tomcat-embed-websocket@8.5.23"><failure message="cvssV3: MEDIUM, score: 5.3 (CVSS:3.1/AV:N/AC:L/PR:N/UI:N/S:U/C:N/I:L/A:N)"/><system-out>Apache Tomcat 10.0.0-M1 to 10.0.6, 9.0.0.M1 to 9.0.46 and 8.5.0 to 8.5.66 did not correctly parse the HTTP transfer-encoding request header in some circumstances leading to the possibility to request smuggling when used with a reverse proxy. Specifically: - Tomcat incorrectly ignored the transfer encoding header if the client declared it would only accept an HTTP/1.0 response; - Tomcat honoured the identify encoding; and - Tomcat did not ensure that, if present, the chunked encoding was the final encoding.</system-out><system-err>location: /src/spring-boot-cassandra-0.0.1-SNAPSHOT.jar/BOOT-INF/lib/tomcat-embed-websocket-8.5.23.jar</system-err></testcase></testsuite><testsuite failures="0" id="44" name="/src/spring-boot-cassandra-0.0.1-SNAPSHOT.jar/BOOT-INF/lib/univocity-parsers-2.5.8.jar" package="spring-boot-cassandra-0.0.1-SNAPSHOT.jar: univocity-parsers-2.5.8.jar" skipped="0" tests="1" timestamp="2021-09-07T09:07:11.09062"><testcase classname="dependency-check" name="spring-boot-cassandra-0.0.1-SNAPSHOT.jar: univocity-parsers-2.5.8.jar"/></testsuite><testsuite failures="0" id="45" name="/src/spring-boot-cassandra-0.0.1-SNAPSHOT.jar/BOOT-INF/lib/validation-api-1.1.0.Final.jar" package="spring-boot-cassandra-0.0.1-SNAPSHOT.jar: validation-api-1.1.0.Final.jar" skipped="0" tests="1" timestamp="2021-09-07T09:07:11.09062"><testcase classname="dependency-check" name="spring-boot-cassandra-0.0.1-SNAPSHOT.jar: validation-api-1.1.0.Final.jar"/></testsuite></testsuites>